#
# A fatal error has been detected by the Java Runtime Environment:
#
#  SIGSEGV (0xb) at pc=0x00007f5448c65453, pid=16822, tid=16844
#
# JRE version: OpenJDK Runtime Environment (11.0.14+9) (build 11.0.14+9-Ubuntu-0ubuntu2.20.04)
# Java VM: OpenJDK 64-Bit Server VM (11.0.14+9-Ubuntu-0ubuntu2.20.04, mixed mode, sharing, tiered, compressed oops, g1 gc, linux-amd64)
# Problematic frame:
# V  [libjvm.so+0xc89453]
#
# Core dump will be written. Default location: Core dumps may be processed with "/usr/share/apport/apport %p %s %c %d %P %E" (or dumping to /mnt/D0F0F663F0F64F6A/ubuntu/ptit/4th/dam-bao-chat-luong-phan-mem/btl_sqa_nhaphang/core.16822)
#
# If you would like to submit a bug report, please visit:
#   https://bugs.launchpad.net/ubuntu/+source/openjdk-lts
#

---------------  S U M M A R Y ------------

Command Line: -javaagent:/snap/intellij-idea-community/352/lib/idea_rt.jar=45957:/snap/intellij-idea-community/352/bin -Dfile.encoding=UTF-8 com.dacanh.SQANhapHang.SqaNhapHangApplication

Host: Intel(R) Core(TM) i5-6200U CPU @ 2.30GHz, 4 cores, 7G, Ubuntu 20.04.3 LTS
Time: Wed Mar 23 23:27:59 2022 +07 elapsed time: 2462.344638 seconds (0d 0h 41m 2s)

---------------  T H R E A D  ---------------

Current thread (0x00007f5440185800):  JavaThread "C2 CompilerThread0" daemon [_thread_in_vm, id=16844, stack(0x00007f540b2bf000,0x00007f540b3c0000)]


Current CompileTask:
C2:2462345 7626       4       java.util.HashSet::remove (20 bytes)

Stack: [0x00007f540b2bf000,0x00007f540b3c0000],  sp=0x00007f540b3bce48,  free space=1015k
Native frames: (J=compiled Java code, A=aot compiled Java code, j=interpreted, Vv=VM code, C=native code)
V  [libjvm.so+0xc89453]
V  [libjvm.so+0xba409d]
V  [libjvm.so+0xba85ce]
V  [libjvm.so+0x572b0d]
V  [libjvm.so+0x61ba91]
V  [libjvm.so+0x5470ff]
V  [libjvm.so+0x624322]
V  [libjvm.so+0x625458]
V  [libjvm.so+0xe2b1cf]
V  [libjvm.so+0xe27bf0]
V  [libjvm.so+0xbe63f6]


siginfo: si_signo: 11 (SIGSEGV), si_code: 128 (SI_KERNEL), si_addr: 0x0000000000000000

Register to memory mapping:

RAX=0x00107f5448c661d0 is an unknown value
RBX=0x00007f540b3bcec0 is pointing into the stack for thread: 0x00007f5440185800
RCX=0x0 is NULL
RDX=0x00007f54486547a0: <offset 0x00000000006787a0> in /usr/lib/jvm/java-11-openjdk-amd64/lib/server/libjvm.so at 0x00007f5447fdc000
RSP=0x00007f540b3bce48 is pointing into the stack for thread: 0x00007f5440185800
RBP=0x00007f540b3bcf20 is pointing into the stack for thread: 0x00007f5440185800
RSI=0x0000000085fdae00 points into unknown readable memory: 0x0000000000000009 | 09 00 00 00 00 00 00 00
RDI=0x00007f540b3bcec0 is pointing into the stack for thread: 0x00007f5440185800
R8 =0x00000000ffffffff is an unallocated location in the heap
R9 =0x00007f53fc01393e points into unknown readable memory: 00 00
R10=0x00007f5430787560 is at entry_point+1888 in (nmethod*)0x00007f5430786c10
R11=0x00007f53fc013958 points into unknown readable memory: 0x0000000000000000 | 00 00 00 00 00 00 00 00
R12=0x00007f540b3bce50 is pointing into the stack for thread: 0x00007f5440185800
R13=0x0000000000000001 is an unknown value
R14=0x00007f5430786c10 is at entry_point+-496 in (nmethod*)0x00007f5430786c10
R15=0x00000000000009d8 is an unknown value


Registers:
RAX=0x00107f5448c661d0, RBX=0x00007f540b3bcec0, RCX=0x0000000000000000, RDX=0x00007f54486547a0
RSP=0x00007f540b3bce48, RBP=0x00007f540b3bcf20, RSI=0x0000000085fdae00, RDI=0x00007f540b3bcec0
R8 =0x00000000ffffffff, R9 =0x00007f53fc01393e, R10=0x00007f5430787560, R11=0x00007f53fc013958
R12=0x00007f540b3bce50, R13=0x0000000000000001, R14=0x00007f5430786c10, R15=0x00000000000009d8
RIP=0x00007f5448c65453, EFLAGS=0x0000000000010206, CSGSFS=0x002b000000000033, ERR=0x0000000000000000
  TRAPNO=0x000000000000000d

Top of Stack: (sp=0x00007f540b3bce48)
0x00007f540b3bce48:   00007f5448b80559 0000000000000000
0x00007f540b3bce58:   00007f5430786d9a 00007f5430786de8
0x00007f540b3bce68:   00007f5430786c10 00007f5430786fdc
0x00007f540b3bce78:   00007f5449140001 00007f540b3bce78 

Instructions: (pc=0x00007f5448c65453)
0x00007f5448c65353:   cf 66 66 2e 0f 1f 84 00 00 00 00 00 90 f3 0f 1e
0x00007f5448c65363:   fa 48 63 77 10 85 f6 75 04 c3 0f 1f 00 55 48 8d
0x00007f5448c65373:   15 48 0f 00 00 48 89 e5 41 55 41 54 49 89 fc 53
0x00007f5448c65383:   48 83 ec 08 48 8b 07 48 8b 58 30 48 8b 40 28 48
0x00007f5448c65393:   39 d0 0f 85 bd 00 00 00 48 8b 47 08 48 8d 15 fa
0x00007f5448c653a3:   f3 9e ff 48 8b 78 18 48 8b 07 48 8b 80 a0 01 00
0x00007f5448c653b3:   00 48 39 d0 0f 85 ab 00 00 00 48 63 87 20 01 00
0x00007f5448c653c3:   00 48 8d 44 f0 f8 48 01 c7 4c 8b 2f 48 8d 05 fa
0x00007f5448c653d3:   0d 00 00 48 39 c3 75 65 49 8b 04 24 4c 89 e7 ff
0x00007f5448c653e3:   50 48 48 63 d0 49 8b 44 24 08 48 8b 78 20 48 39
0x00007f5448c653f3:   78 40 77 29 48 3b 78 58 73 23 48 8b 40 08 0f b7
0x00007f5448c65403:   00 c1 e8 0a 83 e0 03 83 f8 01 74 69 4c 89 2f 48
0x00007f5448c65413:   83 c4 08 5b 41 5c 41 5d 5d c3 0f 1f 00 48 83 c4
0x00007f5448c65423:   08 4c 89 ee 4c 89 e7 31 c9 5b 41 5c 41 5d 5d e9
0x00007f5448c65433:   f9 10 00 00 66 0f 1f 84 00 00 00 00 00 48 83 c4
0x00007f5448c65443:   08 4c 89 ee 4c 89 e7 48 89 d8 5b 41 5c 41 5d 5d
0x00007f5448c65453:   ff e0 0f 1f 00 ff d0 49 89 c5 e9 6d ff ff ff 66
0x00007f5448c65463:   0f 1f 44 00 00 ff d0 48 89 c7 e9 5a ff ff ff 66
0x00007f5448c65473:   0f 1f 44 00 00 31 c0 4d 85 ed 74 13 48 8d 15 da
0x00007f5448c65483:   f3 5b 00 4c 89 e8 8b 4a 08 48 2b 02 48 d3 e8 89
0x00007f5448c65493:   07 e9 79 ff ff ff 90 66 0f 1f 44 00 00 f3 0f 1e
0x00007f5448c654a3:   fa 48 63 77 10 85 f6 74 74 55 48 8d 15 0c 0e 00
0x00007f5448c654b3:   00 48 89 e5 41 55 41 54 48 8b 07 49 89 fc 48 8b
0x00007f5448c654c3:   40 28 48 39 d0 0f 85 82 00 00 00 48 8b 57 08 48
0x00007f5448c654d3:   8d 0d c7 f2 9e ff 48 8b 7a 18 48 8b 07 48 8b 80
0x00007f5448c654e3:   a0 01 00 00 48 39 c8 75 74 48 63 87 20 01 00 00
0x00007f5448c654f3:   48 8d 44 f0 f8 48 01 c7 4c 8b 2f 48 8b 42 20 48
0x00007f5448c65503:   39 42 40 77 20 48 3b 42 58 73 1a 4c 89 ee 4c 89
0x00007f5448c65513:   e7 41 5c 41 5d 5d e9 02 fa ff ff 66 90 c3 0f 1f
0x00007f5448c65523:   80 00 00 00 00 49 8b 04 24 4c 89 e7 ff 50 48 4c
0x00007f5448c65533:   89 ee 4c 89 e7 b9 01 00 00 00 41 5c 48 63 d0 41
0x00007f5448c65543:   5d 5d e9 e6 0f 00 00 66 0f 1f 44 00 00 ff d0 49 


Stack slot to memory mapping:
stack at sp + 0 slots: 0x00007f5448b80559: <offset 0x0000000000ba4559> in /usr/lib/jvm/java-11-openjdk-amd64/lib/server/libjvm.so at 0x00007f5447fdc000
stack at sp + 1 slots: 0x0 is NULL
stack at sp + 2 slots: 0x00007f5430786d9a is at entry_point+-102 in (nmethod*)0x00007f5430786c10
stack at sp + 3 slots: 0x00007f5430786de8 is at entry_point+-24 in (nmethod*)0x00007f5430786c10
stack at sp + 4 slots: 0x00007f5430786c10 is at entry_point+-496 in (nmethod*)0x00007f5430786c10
stack at sp + 5 slots: 0x00007f5430786fdc is at entry_point+476 in (nmethod*)0x00007f5430786c10
stack at sp + 6 slots: 0x00007f5449140001: <offset 0x0000000001164001> in /usr/lib/jvm/java-11-openjdk-amd64/lib/server/libjvm.so at 0x00007f5447fdc000
stack at sp + 7 slots: 0x00007f540b3bce78 is pointing into the stack for thread: 0x00007f5440185800


---------------  P R O C E S S  ---------------

Threads class SMR info:
_java_thread_list=0x00007f53a4001bb0, length=16, elements={
0x00007f5440179000, 0x00007f544017b000, 0x00007f5440181800, 0x00007f5440183800,
0x00007f5440185800, 0x00007f5440187800, 0x00007f544018a000, 0x00007f54401a8000,
0x00007f5440532000, 0x00007f5400001000, 0x00007f53d0c42800, 0x00007f53d0db3800,
0x00007f53d168d800, 0x00007f5440019000, 0x00007f5400003000, 0x00007f53e82a2800
}

Java Threads: ( => current thread )
  0x00007f5440179000 JavaThread "Reference Handler" daemon [_thread_blocked, id=16838, stack(0x00007f540beff000,0x00007f540c000000)]
  0x00007f544017b000 JavaThread "Finalizer" daemon [_thread_blocked, id=16839, stack(0x00007f540bdfe000,0x00007f540beff000)]
  0x00007f5440181800 JavaThread "Signal Dispatcher" daemon [_thread_blocked, id=16840, stack(0x00007f540b4c1000,0x00007f540b5c2000)]
  0x00007f5440183800 JavaThread "Service Thread" daemon [_thread_blocked, id=16843, stack(0x00007f540b3c0000,0x00007f540b4c1000)]
=>0x00007f5440185800 JavaThread "C2 CompilerThread0" daemon [_thread_in_vm, id=16844, stack(0x00007f540b2bf000,0x00007f540b3c0000)]
  0x00007f5440187800 JavaThread "C1 CompilerThread0" daemon [_thread_blocked, id=16845, stack(0x00007f540b1be000,0x00007f540b2bf000)]
  0x00007f544018a000 JavaThread "Sweeper thread" daemon [_thread_blocked, id=16846, stack(0x00007f540b0bd000,0x00007f540b1be000)]
  0x00007f54401a8000 JavaThread "Common-Cleaner" daemon [_thread_blocked, id=16847, stack(0x00007f540afbc000,0x00007f540b0bd000)]
  0x00007f5440532000 JavaThread "Monitor Ctrl-Break" daemon [_thread_in_native, id=16850, stack(0x00007f540adba000,0x00007f540aebb000)]
  0x00007f5400001000 JavaThread "Attach Listener" daemon [_thread_blocked, id=16860, stack(0x00007f540a7b1000,0x00007f540a8b2000)]
  0x00007f53d0c42800 JavaThread "mysql-cj-abandoned-connection-cleanup" daemon [_thread_blocked, id=16871, stack(0x00007f540a3ae000,0x00007f540a4af000)]
  0x00007f53d0db3800 JavaThread "HikariPool-1 housekeeper" daemon [_thread_blocked, id=16872, stack(0x00007f5409cad000,0x00007f5409dae000)]
  0x00007f53d168d800 JavaThread "Live Reload Server" daemon [_thread_in_native, id=16880, stack(0x00007f53aa746000,0x00007f53aa847000)]
  0x00007f5440019000 JavaThread "DestroyJavaVM" [_thread_blocked, id=16824, stack(0x00007f5447b8f000,0x00007f5447c90000)]
  0x00007f5400003000 JavaThread "SIGINT handler" daemon [_thread_blocked, id=24466, stack(0x00007f5408643000,0x00007f5408744000)]
  0x00007f53e82a2800 JavaThread "SpringApplicationShutdownHook" [_thread_blocked, id=24468, stack(0x00007f540a9b3000,0x00007f540aab4000)]

Other Threads:
  0x00007f5440176000 VMThread "VM Thread" [stack: 0x00007f5420070000,0x00007f5420170000] [id=16837]
  0x00007f5440534800 WatcherThread [stack: 0x00007f540acba000,0x00007f540adba000] [id=16851]
  0x00007f5440031000 GCTaskThread "GC Thread#0" [stack: 0x00007f544782c000,0x00007f544792c000] [id=16827]
  0x00007f5410001000 GCTaskThread "GC Thread#1" [stack: 0x00007f540abb8000,0x00007f540acb8000] [id=16852]
  0x00007f5410002800 GCTaskThread "GC Thread#2" [stack: 0x00007f540aab6000,0x00007f540abb6000] [id=16853]
  0x00007f5410005000 GCTaskThread "GC Thread#3" [stack: 0x00007f540a6b1000,0x00007f540a7b1000] [id=16866]
  0x00007f5440062000 ConcurrentGCThread "G1 Main Marker" [stack: 0x00007f54448df000,0x00007f54449df000] [id=16828]
  0x00007f5440063800 ConcurrentGCThread "G1 Conc#0" [stack: 0x00007f54447dd000,0x00007f54448dd000] [id=16834]
  0x00007f54400dc000 ConcurrentGCThread "G1 Refine#0" [stack: 0x00007f54442d7000,0x00007f54443d7000] [id=16835]
  0x00007f54400dd800 ConcurrentGCThread "G1 Young RemSet Sampling" [stack: 0x00007f54441d5000,0x00007f54442d5000] [id=16836]

Threads with active compile tasks:
C2 CompilerThread02462400 7626       4       java.util.HashSet::remove (20 bytes)

VM state:not at safepoint (normal execution)

VM Mutex/Monitor currently owned by a thread:  ([mutex/lock_event])
[0x00007f5440014b10] CodeCache_lock - owner thread: 0x00007f5440185800
[0x00007f5440016730] Compile_lock - owner thread: 0x00007f5440185800
[0x00007f54400168e0] MethodCompileQueue_lock - owner thread: 0x00007f5440185800

Heap address: 0x0000000085c00000, size: 1956 MB, Compressed Oops mode: 32-bit
Narrow klass base: 0x0000000800000000, Narrow klass shift: 3
Compressed class space size: 1073741824 Address: 0x0000000840000000

Heap:
 garbage-first heap   total 196608K, used 89321K [0x0000000085c00000, 0x0000000100000000)
  region size 1024K, 70 young (71680K), 12 survivors (12288K)
 Metaspace       used 70514K, capacity 72654K, committed 72832K, reserved 1112064K
  class space    used 9155K, capacity 9993K, committed 10112K, reserved 1048576K
Heap Regions: E=young(eden), S=young(survivor), O=old, HS=humongous(starts), HC=humongous(continues), CS=collection set, F=free, A=archive, TAMS=top-at-mark-start (previous, next)
|   0|0x0000000085c00000, 0x0000000085d00000, 0x0000000085d00000|100%|HS|  |TAMS 0x0000000085d00000, 0x0000000085c00000| Complete 
|   1|0x0000000085d00000, 0x0000000085e00000, 0x0000000085e00000|100%| O|  |TAMS 0x0000000085e00000, 0x0000000085d00000| Untracked 
|   2|0x0000000085e00000, 0x0000000085f00000, 0x0000000085f00000|100%| O|  |TAMS 0x0000000085f00000, 0x0000000085e00000| Untracked 
|   3|0x0000000085f00000, 0x0000000086000000, 0x0000000086000000|100%| O|  |TAMS 0x0000000086000000, 0x0000000085f00000| Untracked 
|   4|0x0000000086000000, 0x0000000086100000, 0x0000000086100000|100%| O|  |TAMS 0x0000000086100000, 0x0000000086000000| Untracked 
|   5|0x0000000086100000, 0x0000000086200000, 0x0000000086200000|100%| O|  |TAMS 0x0000000086200000, 0x0000000086100000| Untracked 
|   6|0x0000000086200000, 0x0000000086300000, 0x0000000086300000|100%| O|  |TAMS 0x0000000086300000, 0x0000000086200000| Untracked 
|   7|0x0000000086300000, 0x0000000086400000, 0x0000000086400000|100%| O|  |TAMS 0x0000000086400000, 0x0000000086300000| Untracked 
|   8|0x0000000086400000, 0x0000000086500000, 0x0000000086500000|100%| O|  |TAMS 0x0000000086500000, 0x0000000086400000| Untracked 
|   9|0x0000000086500000, 0x0000000086600000, 0x0000000086600000|100%| O|  |TAMS 0x0000000086600000, 0x0000000086500000| Untracked 
|  10|0x0000000086600000, 0x0000000086700000, 0x0000000086700000|100%| O|  |TAMS 0x0000000086700000, 0x0000000086600000| Untracked 
|  11|0x0000000086700000, 0x0000000086800000, 0x0000000086800000|100%| O|  |TAMS 0x0000000086800000, 0x0000000086700000| Untracked 
|  12|0x0000000086800000, 0x0000000086900000, 0x0000000086900000|100%| O|  |TAMS 0x0000000086900000, 0x0000000086800000| Untracked 
|  13|0x0000000086900000, 0x0000000086a00000, 0x0000000086a00000|100%| O|  |TAMS 0x00000000869bfc00, 0x0000000086900000| Untracked 
|  14|0x0000000086a00000, 0x0000000086b00000, 0x0000000086b00000|100%| O|  |TAMS 0x0000000086a00000, 0x0000000086a00000| Untracked 
|  15|0x0000000086b00000, 0x0000000086c00000, 0x0000000086c00000|100%| O|  |TAMS 0x0000000086b00000, 0x0000000086b00000| Untracked 
|  16|0x0000000086c00000, 0x0000000086d00000, 0x0000000086d00000|100%| O|  |TAMS 0x0000000086c00000, 0x0000000086c00000| Untracked 
|  17|0x0000000086d00000, 0x0000000086dcd800, 0x0000000086e00000| 80%| O|  |TAMS 0x0000000086d00000, 0x0000000086d00000| Untracked 
|  18|0x0000000086e00000, 0x0000000086e00000, 0x0000000086f00000|  0%| F|  |TAMS 0x0000000086e00000, 0x0000000086e00000| Untracked 
|  19|0x0000000086f00000, 0x0000000086f00000, 0x0000000087000000|  0%| F|  |TAMS 0x0000000086f00000, 0x0000000086f00000| Untracked 
|  20|0x0000000087000000, 0x0000000087000000, 0x0000000087100000|  0%| F|  |TAMS 0x0000000087000000, 0x0000000087000000| Untracked 
|  21|0x0000000087100000, 0x0000000087100000, 0x0000000087200000|  0%| F|  |TAMS 0x0000000087100000, 0x0000000087100000| Untracked 
|  22|0x0000000087200000, 0x0000000087200000, 0x0000000087300000|  0%| F|  |TAMS 0x0000000087200000, 0x0000000087200000| Untracked 
|  23|0x0000000087300000, 0x0000000087300000, 0x0000000087400000|  0%| F|  |TAMS 0x0000000087300000, 0x0000000087300000| Untracked 
|  24|0x0000000087400000, 0x0000000087400000, 0x0000000087500000|  0%| F|  |TAMS 0x0000000087400000, 0x0000000087400000| Untracked 
|  25|0x0000000087500000, 0x0000000087500000, 0x0000000087600000|  0%| F|  |TAMS 0x0000000087500000, 0x0000000087500000| Untracked 
|  26|0x0000000087600000, 0x0000000087600000, 0x0000000087700000|  0%| F|  |TAMS 0x0000000087600000, 0x0000000087600000| Untracked 
|  27|0x0000000087700000, 0x0000000087700000, 0x0000000087800000|  0%| F|  |TAMS 0x0000000087700000, 0x0000000087700000| Untracked 
|  28|0x0000000087800000, 0x0000000087800000, 0x0000000087900000|  0%| F|  |TAMS 0x0000000087800000, 0x0000000087800000| Untracked 
|  29|0x0000000087900000, 0x0000000087900000, 0x0000000087a00000|  0%| F|  |TAMS 0x0000000087900000, 0x0000000087900000| Untracked 
|  30|0x0000000087a00000, 0x0000000087a00000, 0x0000000087b00000|  0%| F|  |TAMS 0x0000000087a00000, 0x0000000087a00000| Untracked 
|  31|0x0000000087b00000, 0x0000000087b00000, 0x0000000087c00000|  0%| F|  |TAMS 0x0000000087b00000, 0x0000000087b00000| Untracked 
|  32|0x0000000087c00000, 0x0000000087c00000, 0x0000000087d00000|  0%| F|  |TAMS 0x0000000087c00000, 0x0000000087c00000| Untracked 
|  33|0x0000000087d00000, 0x0000000087d00000, 0x0000000087e00000|  0%| F|  |TAMS 0x0000000087d00000, 0x0000000087d00000| Untracked 
|  34|0x0000000087e00000, 0x0000000087e00000, 0x0000000087f00000|  0%| F|  |TAMS 0x0000000087e00000, 0x0000000087e00000| Untracked 
|  35|0x0000000087f00000, 0x0000000087f00000, 0x0000000088000000|  0%| F|  |TAMS 0x0000000087f00000, 0x0000000087f00000| Untracked 
|  36|0x0000000088000000, 0x0000000088000000, 0x0000000088100000|  0%| F|  |TAMS 0x0000000088000000, 0x0000000088000000| Untracked 
|  37|0x0000000088100000, 0x0000000088100000, 0x0000000088200000|  0%| F|  |TAMS 0x0000000088100000, 0x0000000088100000| Untracked 
|  38|0x0000000088200000, 0x0000000088200000, 0x0000000088300000|  0%| F|  |TAMS 0x0000000088200000, 0x0000000088200000| Untracked 
|  39|0x0000000088300000, 0x0000000088300000, 0x0000000088400000|  0%| F|  |TAMS 0x0000000088300000, 0x0000000088300000| Untracked 
|  40|0x0000000088400000, 0x0000000088400000, 0x0000000088500000|  0%| F|  |TAMS 0x0000000088400000, 0x0000000088400000| Untracked 
|  41|0x0000000088500000, 0x0000000088500000, 0x0000000088600000|  0%| F|  |TAMS 0x0000000088500000, 0x0000000088500000| Untracked 
|  42|0x0000000088600000, 0x0000000088600000, 0x0000000088700000|  0%| F|  |TAMS 0x0000000088600000, 0x0000000088600000| Untracked 
|  43|0x0000000088700000, 0x0000000088700000, 0x0000000088800000|  0%| F|  |TAMS 0x0000000088700000, 0x0000000088700000| Untracked 
|  44|0x0000000088800000, 0x0000000088800000, 0x0000000088900000|  0%| F|  |TAMS 0x0000000088800000, 0x0000000088800000| Untracked 
|  45|0x0000000088900000, 0x0000000088900000, 0x0000000088a00000|  0%| F|  |TAMS 0x0000000088900000, 0x0000000088900000| Untracked 
|  46|0x0000000088a00000, 0x0000000088a00000, 0x0000000088b00000|  0%| F|  |TAMS 0x0000000088a00000, 0x0000000088a00000| Untracked 
|  47|0x0000000088b00000, 0x0000000088b00000, 0x0000000088c00000|  0%| F|  |TAMS 0x0000000088b00000, 0x0000000088b00000| Untracked 
|  48|0x0000000088c00000, 0x0000000088c00000, 0x0000000088d00000|  0%| F|  |TAMS 0x0000000088c00000, 0x0000000088c00000| Untracked 
|  49|0x0000000088d00000, 0x0000000088d00000, 0x0000000088e00000|  0%| F|  |TAMS 0x0000000088d00000, 0x0000000088d00000| Untracked 
|  50|0x0000000088e00000, 0x0000000088e00000, 0x0000000088f00000|  0%| F|  |TAMS 0x0000000088e00000, 0x0000000088e00000| Untracked 
|  51|0x0000000088f00000, 0x0000000088f00000, 0x0000000089000000|  0%| F|  |TAMS 0x0000000088f00000, 0x0000000088f00000| Untracked 
|  52|0x0000000089000000, 0x0000000089000000, 0x0000000089100000|  0%| F|  |TAMS 0x0000000089000000, 0x0000000089000000| Untracked 
|  53|0x0000000089100000, 0x0000000089100000, 0x0000000089200000|  0%| F|  |TAMS 0x0000000089100000, 0x0000000089100000| Untracked 
|  54|0x0000000089200000, 0x0000000089200000, 0x0000000089300000|  0%| F|  |TAMS 0x0000000089200000, 0x0000000089200000| Untracked 
|  55|0x0000000089300000, 0x0000000089300000, 0x0000000089400000|  0%| F|  |TAMS 0x0000000089300000, 0x0000000089300000| Untracked 
|  56|0x0000000089400000, 0x0000000089400000, 0x0000000089500000|  0%| F|  |TAMS 0x0000000089400000, 0x0000000089400000| Untracked 
|  57|0x0000000089500000, 0x0000000089500000, 0x0000000089600000|  0%| F|  |TAMS 0x0000000089500000, 0x0000000089500000| Untracked 
|  58|0x0000000089600000, 0x0000000089600000, 0x0000000089700000|  0%| F|  |TAMS 0x0000000089600000, 0x0000000089600000| Untracked 
|  59|0x0000000089700000, 0x0000000089700000, 0x0000000089800000|  0%| F|  |TAMS 0x0000000089700000, 0x0000000089700000| Untracked 
|  60|0x0000000089800000, 0x0000000089800000, 0x0000000089900000|  0%| F|  |TAMS 0x0000000089800000, 0x0000000089800000| Untracked 
|  61|0x0000000089900000, 0x0000000089900000, 0x0000000089a00000|  0%| F|  |TAMS 0x0000000089900000, 0x0000000089900000| Untracked 
|  62|0x0000000089a00000, 0x0000000089a00000, 0x0000000089b00000|  0%| F|  |TAMS 0x0000000089a00000, 0x0000000089a00000| Untracked 
|  63|0x0000000089b00000, 0x0000000089b00000, 0x0000000089c00000|  0%| F|  |TAMS 0x0000000089b00000, 0x0000000089b00000| Untracked 
|  64|0x0000000089c00000, 0x0000000089c00000, 0x0000000089d00000|  0%| F|  |TAMS 0x0000000089c00000, 0x0000000089c00000| Untracked 
|  65|0x0000000089d00000, 0x0000000089d00000, 0x0000000089e00000|  0%| F|  |TAMS 0x0000000089d00000, 0x0000000089d00000| Untracked 
|  66|0x0000000089e00000, 0x0000000089e00000, 0x0000000089f00000|  0%| F|  |TAMS 0x0000000089e00000, 0x0000000089e00000| Untracked 
|  67|0x0000000089f00000, 0x0000000089f00000, 0x000000008a000000|  0%| F|  |TAMS 0x0000000089f00000, 0x0000000089f00000| Untracked 
|  68|0x000000008a000000, 0x000000008a000000, 0x000000008a100000|  0%| F|  |TAMS 0x000000008a000000, 0x000000008a000000| Untracked 
|  69|0x000000008a100000, 0x000000008a100000, 0x000000008a200000|  0%| F|  |TAMS 0x000000008a100000, 0x000000008a100000| Untracked 
|  70|0x000000008a200000, 0x000000008a200000, 0x000000008a300000|  0%| F|  |TAMS 0x000000008a200000, 0x000000008a200000| Untracked 
|  71|0x000000008a300000, 0x000000008a3bad10, 0x000000008a400000| 72%| S|CS|TAMS 0x000000008a300000, 0x000000008a300000| Complete 
|  72|0x000000008a400000, 0x000000008a500000, 0x000000008a500000|100%| S|CS|TAMS 0x000000008a400000, 0x000000008a400000| Complete 
|  73|0x000000008a500000, 0x000000008a600000, 0x000000008a600000|100%| S|CS|TAMS 0x000000008a500000, 0x000000008a500000| Complete 
|  74|0x000000008a600000, 0x000000008a700000, 0x000000008a700000|100%| S|CS|TAMS 0x000000008a600000, 0x000000008a600000| Complete 
|  75|0x000000008a700000, 0x000000008a800000, 0x000000008a800000|100%| S|CS|TAMS 0x000000008a700000, 0x000000008a700000| Complete 
|  76|0x000000008a800000, 0x000000008a900000, 0x000000008a900000|100%| S|CS|TAMS 0x000000008a800000, 0x000000008a800000| Complete 
|  77|0x000000008a900000, 0x000000008aa00000, 0x000000008aa00000|100%| S|CS|TAMS 0x000000008a900000, 0x000000008a900000| Complete 
|  78|0x000000008aa00000, 0x000000008ab00000, 0x000000008ab00000|100%| S|CS|TAMS 0x000000008aa00000, 0x000000008aa00000| Complete 
|  79|0x000000008ab00000, 0x000000008ac00000, 0x000000008ac00000|100%| S|CS|TAMS 0x000000008ab00000, 0x000000008ab00000| Complete 
|  80|0x000000008ac00000, 0x000000008ad00000, 0x000000008ad00000|100%| S|CS|TAMS 0x000000008ac00000, 0x000000008ac00000| Complete 
|  81|0x000000008ad00000, 0x000000008ae00000, 0x000000008ae00000|100%| S|CS|TAMS 0x000000008ad00000, 0x000000008ad00000| Complete 
|  82|0x000000008ae00000, 0x000000008af00000, 0x000000008af00000|100%| S|CS|TAMS 0x000000008ae00000, 0x000000008ae00000| Complete 
|  83|0x000000008af00000, 0x000000008af00000, 0x000000008b000000|  0%| F|  |TAMS 0x000000008af00000, 0x000000008af00000| Untracked 
|  84|0x000000008b000000, 0x000000008b000000, 0x000000008b100000|  0%| F|  |TAMS 0x000000008b000000, 0x000000008b000000| Untracked 
|  85|0x000000008b100000, 0x000000008b100000, 0x000000008b200000|  0%| F|  |TAMS 0x000000008b100000, 0x000000008b100000| Untracked 
|  86|0x000000008b200000, 0x000000008b200000, 0x000000008b300000|  0%| F|  |TAMS 0x000000008b200000, 0x000000008b200000| Untracked 
|  87|0x000000008b300000, 0x000000008b300000, 0x000000008b400000|  0%| F|  |TAMS 0x000000008b300000, 0x000000008b300000| Untracked 
|  88|0x000000008b400000, 0x000000008b400000, 0x000000008b500000|  0%| F|  |TAMS 0x000000008b400000, 0x000000008b400000| Untracked 
|  89|0x000000008b500000, 0x000000008b500000, 0x000000008b600000|  0%| F|  |TAMS 0x000000008b500000, 0x000000008b500000| Untracked 
|  90|0x000000008b600000, 0x000000008b600000, 0x000000008b700000|  0%| F|  |TAMS 0x000000008b600000, 0x000000008b600000| Untracked 
|  91|0x000000008b700000, 0x000000008b700000, 0x000000008b800000|  0%| F|  |TAMS 0x000000008b700000, 0x000000008b700000| Untracked 
|  92|0x000000008b800000, 0x000000008b800000, 0x000000008b900000|  0%| F|  |TAMS 0x000000008b800000, 0x000000008b800000| Untracked 
|  93|0x000000008b900000, 0x000000008b900000, 0x000000008ba00000|  0%| F|  |TAMS 0x000000008b900000, 0x000000008b900000| Untracked 
|  94|0x000000008ba00000, 0x000000008ba00000, 0x000000008bb00000|  0%| F|  |TAMS 0x000000008ba00000, 0x000000008ba00000| Untracked 
|  95|0x000000008bb00000, 0x000000008bb00000, 0x000000008bc00000|  0%| F|  |TAMS 0x000000008bb00000, 0x000000008bb00000| Untracked 
|  96|0x000000008bc00000, 0x000000008bc00000, 0x000000008bd00000|  0%| F|  |TAMS 0x000000008bc00000, 0x000000008bc00000| Untracked 
|  97|0x000000008bd00000, 0x000000008bd00000, 0x000000008be00000|  0%| F|  |TAMS 0x000000008bd00000, 0x000000008bd00000| Untracked 
|  98|0x000000008be00000, 0x000000008be00000, 0x000000008bf00000|  0%| F|  |TAMS 0x000000008be00000, 0x000000008be00000| Untracked 
|  99|0x000000008bf00000, 0x000000008bf00000, 0x000000008c000000|  0%| F|  |TAMS 0x000000008bf00000, 0x000000008bf00000| Untracked 
| 100|0x000000008c000000, 0x000000008c000000, 0x000000008c100000|  0%| F|  |TAMS 0x000000008c000000, 0x000000008c000000| Untracked 
| 101|0x000000008c100000, 0x000000008c100000, 0x000000008c200000|  0%| F|  |TAMS 0x000000008c100000, 0x000000008c100000| Untracked 
| 102|0x000000008c200000, 0x000000008c200000, 0x000000008c300000|  0%| F|  |TAMS 0x000000008c200000, 0x000000008c200000| Untracked 
| 103|0x000000008c300000, 0x000000008c300000, 0x000000008c400000|  0%| F|  |TAMS 0x000000008c300000, 0x000000008c300000| Untracked 
| 104|0x000000008c400000, 0x000000008c400000, 0x000000008c500000|  0%| F|  |TAMS 0x000000008c400000, 0x000000008c400000| Untracked 
| 105|0x000000008c500000, 0x000000008c500000, 0x000000008c600000|  0%| F|  |TAMS 0x000000008c500000, 0x000000008c500000| Untracked 
| 106|0x000000008c600000, 0x000000008c600000, 0x000000008c700000|  0%| F|  |TAMS 0x000000008c600000, 0x000000008c600000| Untracked 
| 107|0x000000008c700000, 0x000000008c700000, 0x000000008c800000|  0%| F|  |TAMS 0x000000008c700000, 0x000000008c700000| Untracked 
| 108|0x000000008c800000, 0x000000008c800000, 0x000000008c900000|  0%| F|  |TAMS 0x000000008c800000, 0x000000008c800000| Untracked 
| 109|0x000000008c900000, 0x000000008c900000, 0x000000008ca00000|  0%| F|  |TAMS 0x000000008c900000, 0x000000008c900000| Untracked 
| 110|0x000000008ca00000, 0x000000008ca00000, 0x000000008cb00000|  0%| F|  |TAMS 0x000000008ca00000, 0x000000008ca00000| Untracked 
| 111|0x000000008cb00000, 0x000000008cb00000, 0x000000008cc00000|  0%| F|  |TAMS 0x000000008cb00000, 0x000000008cb00000| Untracked 
| 112|0x000000008cc00000, 0x000000008cc00000, 0x000000008cd00000|  0%| F|  |TAMS 0x000000008cc00000, 0x000000008cc00000| Untracked 
| 113|0x000000008cd00000, 0x000000008cd00000, 0x000000008ce00000|  0%| F|  |TAMS 0x000000008cd00000, 0x000000008cd00000| Untracked 
| 114|0x000000008ce00000, 0x000000008ce00000, 0x000000008cf00000|  0%| F|  |TAMS 0x000000008ce00000, 0x000000008ce00000| Untracked 
| 115|0x000000008cf00000, 0x000000008cf00000, 0x000000008d000000|  0%| F|  |TAMS 0x000000008cf00000, 0x000000008cf00000| Untracked 
| 116|0x000000008d000000, 0x000000008d000000, 0x000000008d100000|  0%| F|  |TAMS 0x000000008d000000, 0x000000008d000000| Untracked 
| 117|0x000000008d100000, 0x000000008d100000, 0x000000008d200000|  0%| F|  |TAMS 0x000000008d100000, 0x000000008d100000| Untracked 
| 118|0x000000008d200000, 0x000000008d200000, 0x000000008d300000|  0%| F|  |TAMS 0x000000008d200000, 0x000000008d200000| Untracked 
| 119|0x000000008d300000, 0x000000008d300000, 0x000000008d400000|  0%| F|  |TAMS 0x000000008d300000, 0x000000008d300000| Untracked 
| 120|0x000000008d400000, 0x000000008d400000, 0x000000008d500000|  0%| F|  |TAMS 0x000000008d400000, 0x000000008d400000| Untracked 
| 121|0x000000008d500000, 0x000000008d500000, 0x000000008d600000|  0%| F|  |TAMS 0x000000008d500000, 0x000000008d500000| Untracked 
| 122|0x000000008d600000, 0x000000008d600000, 0x000000008d700000|  0%| F|  |TAMS 0x000000008d600000, 0x000000008d600000| Untracked 
| 123|0x000000008d700000, 0x000000008d700000, 0x000000008d800000|  0%| F|  |TAMS 0x000000008d700000, 0x000000008d700000| Untracked 
| 124|0x000000008d800000, 0x000000008d800000, 0x000000008d900000|  0%| F|  |TAMS 0x000000008d800000, 0x000000008d800000| Untracked 
| 125|0x000000008d900000, 0x000000008d900000, 0x000000008da00000|  0%| F|  |TAMS 0x000000008d900000, 0x000000008d900000| Untracked 
| 126|0x000000008da00000, 0x000000008da00000, 0x000000008db00000|  0%| F|  |TAMS 0x000000008da00000, 0x000000008da00000| Untracked 
| 127|0x000000008db00000, 0x000000008db00000, 0x000000008dc00000|  0%| F|  |TAMS 0x000000008db00000, 0x000000008db00000| Untracked 
| 128|0x000000008dc00000, 0x000000008dc00000, 0x000000008dd00000|  0%| F|  |TAMS 0x000000008dc00000, 0x000000008dc00000| Untracked 
| 129|0x000000008dd00000, 0x000000008dd00000, 0x000000008de00000|  0%| F|  |TAMS 0x000000008dd00000, 0x000000008dd00000| Untracked 
| 130|0x000000008de00000, 0x000000008de00000, 0x000000008df00000|  0%| F|  |TAMS 0x000000008de00000, 0x000000008de00000| Untracked 
| 131|0x000000008df00000, 0x000000008df00000, 0x000000008e000000|  0%| F|  |TAMS 0x000000008df00000, 0x000000008df00000| Untracked 
| 132|0x000000008e000000, 0x000000008e069fe0, 0x000000008e100000| 41%| E|  |TAMS 0x000000008e000000, 0x000000008e000000| Complete 
| 133|0x000000008e100000, 0x000000008e200000, 0x000000008e200000|100%| E|CS|TAMS 0x000000008e100000, 0x000000008e100000| Complete 
| 134|0x000000008e200000, 0x000000008e300000, 0x000000008e300000|100%| E|CS|TAMS 0x000000008e200000, 0x000000008e200000| Complete 
| 135|0x000000008e300000, 0x000000008e400000, 0x000000008e400000|100%| E|CS|TAMS 0x000000008e300000, 0x000000008e300000| Complete 
| 136|0x000000008e400000, 0x000000008e500000, 0x000000008e500000|100%| E|CS|TAMS 0x000000008e400000, 0x000000008e400000| Complete 
| 137|0x000000008e500000, 0x000000008e600000, 0x000000008e600000|100%| E|CS|TAMS 0x000000008e500000, 0x000000008e500000| Complete 
| 138|0x000000008e600000, 0x000000008e700000, 0x000000008e700000|100%| E|CS|TAMS 0x000000008e600000, 0x000000008e600000| Complete 
| 139|0x000000008e700000, 0x000000008e800000, 0x000000008e800000|100%| E|CS|TAMS 0x000000008e700000, 0x000000008e700000| Complete 
| 140|0x000000008e800000, 0x000000008e900000, 0x000000008e900000|100%| E|CS|TAMS 0x000000008e800000, 0x000000008e800000| Complete 
| 141|0x000000008e900000, 0x000000008ea00000, 0x000000008ea00000|100%| E|CS|TAMS 0x000000008e900000, 0x000000008e900000| Complete 
| 142|0x000000008ea00000, 0x000000008eb00000, 0x000000008eb00000|100%| E|CS|TAMS 0x000000008ea00000, 0x000000008ea00000| Complete 
| 143|0x000000008eb00000, 0x000000008ec00000, 0x000000008ec00000|100%| E|CS|TAMS 0x000000008eb00000, 0x000000008eb00000| Complete 
| 144|0x000000008ec00000, 0x000000008ed00000, 0x000000008ed00000|100%| E|CS|TAMS 0x000000008ec00000, 0x000000008ec00000| Complete 
| 145|0x000000008ed00000, 0x000000008ee00000, 0x000000008ee00000|100%| E|CS|TAMS 0x000000008ed00000, 0x000000008ed00000| Complete 
| 146|0x000000008ee00000, 0x000000008ef00000, 0x000000008ef00000|100%| E|CS|TAMS 0x000000008ee00000, 0x000000008ee00000| Complete 
| 147|0x000000008ef00000, 0x000000008f000000, 0x000000008f000000|100%| E|CS|TAMS 0x000000008ef00000, 0x000000008ef00000| Complete 
| 148|0x000000008f000000, 0x000000008f100000, 0x000000008f100000|100%| E|CS|TAMS 0x000000008f000000, 0x000000008f000000| Complete 
| 149|0x000000008f100000, 0x000000008f200000, 0x000000008f200000|100%| E|CS|TAMS 0x000000008f100000, 0x000000008f100000| Complete 
| 150|0x000000008f200000, 0x000000008f300000, 0x000000008f300000|100%| E|CS|TAMS 0x000000008f200000, 0x000000008f200000| Complete 
| 151|0x000000008f300000, 0x000000008f400000, 0x000000008f400000|100%| E|CS|TAMS 0x000000008f300000, 0x000000008f300000| Complete 
| 152|0x000000008f400000, 0x000000008f500000, 0x000000008f500000|100%| E|CS|TAMS 0x000000008f400000, 0x000000008f400000| Complete 
| 153|0x000000008f500000, 0x000000008f600000, 0x000000008f600000|100%| E|CS|TAMS 0x000000008f500000, 0x000000008f500000| Complete 
| 154|0x000000008f600000, 0x000000008f700000, 0x000000008f700000|100%| E|CS|TAMS 0x000000008f600000, 0x000000008f600000| Complete 
| 155|0x000000008f700000, 0x000000008f800000, 0x000000008f800000|100%| E|CS|TAMS 0x000000008f700000, 0x000000008f700000| Complete 
| 156|0x000000008f800000, 0x000000008f900000, 0x000000008f900000|100%| E|CS|TAMS 0x000000008f800000, 0x000000008f800000| Complete 
| 157|0x000000008f900000, 0x000000008fa00000, 0x000000008fa00000|100%| E|CS|TAMS 0x000000008f900000, 0x000000008f900000| Complete 
| 158|0x000000008fa00000, 0x000000008fb00000, 0x000000008fb00000|100%| E|CS|TAMS 0x000000008fa00000, 0x000000008fa00000| Complete 
| 159|0x000000008fb00000, 0x000000008fc00000, 0x000000008fc00000|100%| E|CS|TAMS 0x000000008fb00000, 0x000000008fb00000| Complete 
| 160|0x000000008fc00000, 0x000000008fd00000, 0x000000008fd00000|100%| E|CS|TAMS 0x000000008fc00000, 0x000000008fc00000| Complete 
| 161|0x000000008fd00000, 0x000000008fe00000, 0x000000008fe00000|100%| E|CS|TAMS 0x000000008fd00000, 0x000000008fd00000| Complete 
| 162|0x000000008fe00000, 0x000000008ff00000, 0x000000008ff00000|100%| E|CS|TAMS 0x000000008fe00000, 0x000000008fe00000| Complete 
| 163|0x000000008ff00000, 0x0000000090000000, 0x0000000090000000|100%| E|CS|TAMS 0x000000008ff00000, 0x000000008ff00000| Complete 
| 164|0x0000000090000000, 0x0000000090100000, 0x0000000090100000|100%| E|CS|TAMS 0x0000000090000000, 0x0000000090000000| Complete 
| 165|0x0000000090100000, 0x0000000090200000, 0x0000000090200000|100%| E|CS|TAMS 0x0000000090100000, 0x0000000090100000| Complete 
| 166|0x0000000090200000, 0x0000000090300000, 0x0000000090300000|100%| E|CS|TAMS 0x0000000090200000, 0x0000000090200000| Complete 
| 167|0x0000000090300000, 0x0000000090400000, 0x0000000090400000|100%| E|CS|TAMS 0x0000000090300000, 0x0000000090300000| Complete 
| 168|0x0000000090400000, 0x0000000090500000, 0x0000000090500000|100%| E|CS|TAMS 0x0000000090400000, 0x0000000090400000| Complete 
| 169|0x0000000090500000, 0x0000000090600000, 0x0000000090600000|100%| E|CS|TAMS 0x0000000090500000, 0x0000000090500000| Complete 
| 170|0x0000000090600000, 0x0000000090700000, 0x0000000090700000|100%| E|CS|TAMS 0x0000000090600000, 0x0000000090600000| Complete 
| 171|0x0000000090700000, 0x0000000090800000, 0x0000000090800000|100%| E|CS|TAMS 0x0000000090700000, 0x0000000090700000| Complete 
| 172|0x0000000090800000, 0x0000000090900000, 0x0000000090900000|100%| E|CS|TAMS 0x0000000090800000, 0x0000000090800000| Complete 
| 173|0x0000000090900000, 0x0000000090a00000, 0x0000000090a00000|100%| E|CS|TAMS 0x0000000090900000, 0x0000000090900000| Complete 
| 174|0x0000000090a00000, 0x0000000090b00000, 0x0000000090b00000|100%| E|CS|TAMS 0x0000000090a00000, 0x0000000090a00000| Complete 
| 175|0x0000000090b00000, 0x0000000090c00000, 0x0000000090c00000|100%| E|CS|TAMS 0x0000000090b00000, 0x0000000090b00000| Complete 
| 176|0x0000000090c00000, 0x0000000090d00000, 0x0000000090d00000|100%| E|CS|TAMS 0x0000000090c00000, 0x0000000090c00000| Complete 
| 177|0x0000000090d00000, 0x0000000090e00000, 0x0000000090e00000|100%| E|CS|TAMS 0x0000000090d00000, 0x0000000090d00000| Complete 
| 178|0x0000000090e00000, 0x0000000090f00000, 0x0000000090f00000|100%| E|CS|TAMS 0x0000000090e00000, 0x0000000090e00000| Complete 
| 179|0x0000000090f00000, 0x0000000091000000, 0x0000000091000000|100%| E|CS|TAMS 0x0000000090f00000, 0x0000000090f00000| Complete 
| 180|0x0000000091000000, 0x0000000091100000, 0x0000000091100000|100%| E|CS|TAMS 0x0000000091000000, 0x0000000091000000| Complete 
| 181|0x0000000091100000, 0x0000000091200000, 0x0000000091200000|100%| E|CS|TAMS 0x0000000091100000, 0x0000000091100000| Complete 
| 182|0x0000000091200000, 0x0000000091300000, 0x0000000091300000|100%| E|CS|TAMS 0x0000000091200000, 0x0000000091200000| Complete 
| 183|0x0000000091300000, 0x0000000091400000, 0x0000000091400000|100%| E|CS|TAMS 0x0000000091300000, 0x0000000091300000| Complete 
| 184|0x0000000091400000, 0x0000000091500000, 0x0000000091500000|100%| E|CS|TAMS 0x0000000091400000, 0x0000000091400000| Complete 
| 185|0x0000000091500000, 0x0000000091600000, 0x0000000091600000|100%| E|CS|TAMS 0x0000000091500000, 0x0000000091500000| Complete 
| 186|0x0000000091600000, 0x0000000091700000, 0x0000000091700000|100%| E|CS|TAMS 0x0000000091600000, 0x0000000091600000| Complete 
| 187|0x0000000091700000, 0x0000000091800000, 0x0000000091800000|100%| E|CS|TAMS 0x0000000091700000, 0x0000000091700000| Complete 
| 188|0x0000000091800000, 0x0000000091900000, 0x0000000091900000|100%| E|CS|TAMS 0x0000000091800000, 0x0000000091800000| Complete 
| 189|0x0000000091900000, 0x0000000091a00000, 0x0000000091a00000|100%| E|CS|TAMS 0x0000000091900000, 0x0000000091900000| Complete 
|1954|0x00000000ffe00000, 0x00000000ffe47000, 0x00000000fff00000| 27%|OA|  |TAMS 0x00000000ffe47000, 0x00000000ffe00000| Untracked 
|1955|0x00000000fff00000, 0x00000000fff6b000, 0x0000000100000000| 41%|CA|  |TAMS 0x00000000fff6b000, 0x00000000fff00000| Untracked 

Card table byte_map: [0x00007f5446c82000,0x00007f5447054000] _byte_map_base: 0x00007f5446854000

Marking Bits (Prev, Next): (CMBitMap*) 0x00007f5440059380, (CMBitMap*) 0x00007f5440059348
 Prev Bits: [0x00007f5422170000, 0x00007f5424000000)
 Next Bits: [0x00007f5444a20000, 0x00007f54468b0000)

Polling page: 0x00007f5447b4c000

Metaspace:

Usage:
  Non-class:     61,19 MB capacity,    59,92 MB ( 98%) used,     1,02 MB (  2%) free+waste,   252,94 KB ( <1%) overhead. 
      Class:      9,76 MB capacity,     8,94 MB ( 92%) used,   718,27 KB (  7%) free+waste,   119,00 KB (  1%) overhead. 
       Both:     70,95 MB capacity,    68,86 MB ( 97%) used,     1,73 MB (  2%) free+waste,   371,94 KB ( <1%) overhead. 

Virtual space:
  Non-class space:       62,00 MB reserved,      61,25 MB ( 99%) committed 
      Class space:        1,00 GB reserved,       9,88 MB ( <1%) committed 
             Both:        1,06 GB reserved,      71,12 MB (  7%) committed 

Chunk freelists:
   Non-Class:  15,00 KB
       Class:  23,00 KB
        Both:  38,00 KB

MaxMetaspaceSize: unlimited
CompressedClassSpaceSize: 1,00 GB
Initial GC threshold: 20,80 MB
Current GC threshold: 86,67 MB
CDS: on

CodeHeap 'non-profiled nmethods': size=120032Kb used=4618Kb max_used=4618Kb free=115413Kb
 bounds [0x00007f5430305000, 0x00007f5430795000, 0x00007f543783d000]
CodeHeap 'profiled nmethods': size=120032Kb used=16104Kb max_used=16104Kb free=103927Kb
 bounds [0x00007f5428dcd000, 0x00007f5429d8d000, 0x00007f5430305000]
CodeHeap 'non-nmethods': size=5696Kb used=1345Kb max_used=1369Kb free=4350Kb
 bounds [0x00007f542883d000, 0x00007f5428aad000, 0x00007f5428dcd000]
 total_blobs=8143 nmethods=7507 adapters=545
 compilation: enabled
              stopped_count=0, restarted_count=0
 full_count=0

Compilation events (20 events):
Event: 2462,133 Thread 0x00007f5440187800 nmethod 7615 0x00007f5429d7bf10 code [0x00007f5429d7c0c0, 0x00007f5429d7c2a0]
Event: 2462,142 Thread 0x00007f5440187800 7616       3       org.springframework.core.ResolvableType::resolveVariable (186 bytes)
Event: 2462,145 Thread 0x00007f5440187800 nmethod 7616 0x00007f5429d7c390 code [0x00007f5429d7c6e0, 0x00007f5429d7dd90]
Event: 2462,176 Thread 0x00007f5440187800 7617       3       java.lang.invoke.MethodHandles$Lookup::restrictReceiver (126 bytes)
Event: 2462,176 Thread 0x00007f5440187800 nmethod 7617 0x00007f5429d7e310 code [0x00007f5429d7e520, 0x00007f5429d7ea40]
Event: 2462,207 Thread 0x00007f5440187800 7618       1       org.apache.tomcat.util.net.Acceptor::getState (5 bytes)
Event: 2462,207 Thread 0x00007f5440187800 nmethod 7618 0x00007f5430785390 code [0x00007f5430785540, 0x00007f5430785610]
Event: 2462,276 Thread 0x00007f5440187800 7619       3       org.apache.catalina.LifecycleEvent::getLifecycle (8 bytes)
Event: 2462,276 Thread 0x00007f5440187800 nmethod 7619 0x00007f5429d7ec90 code [0x00007f5429d7ee40, 0x00007f5429d7f110]
Event: 2462,283 Thread 0x00007f5440187800 7620   !   3       org.apache.catalina.core.AprLifecycleListener::lifecycleEvent (298 bytes)
Event: 2462,288 Thread 0x00007f5440187800 nmethod 7620 0x00007f5429d7f190 code [0x00007f5429d7f780, 0x00007f5429d832b0]
Event: 2462,288 Thread 0x00007f5440187800 7621  s    3       org.apache.catalina.util.LifecycleBase::setStateInternal (144 bytes)
Event: 2462,290 Thread 0x00007f5440187800 nmethod 7621 0x00007f5429d84510 code [0x00007f5429d847c0, 0x00007f5429d85840]
Event: 2462,290 Thread 0x00007f5440187800 7622   !   3       org.apache.catalina.startup.Tomcat$FixContextListener::lifecycleEvent (87 bytes)
Event: 2462,293 Thread 0x00007f5440187800 nmethod 7622 0x00007f5429d85c10 code [0x00007f5429d85ec0, 0x00007f5429d86b20]
Event: 2462,294 Thread 0x00007f5440185800 7623       4       java.util.concurrent.ConcurrentHashMap$EntryIterator::next (5 bytes)
Event: 2462,302 Thread 0x00007f5440185800 nmethod 7623 0x00007f5430785690 code [0x00007f5430785840, 0x00007f5430785d18]
Event: 2462,302 Thread 0x00007f5440185800 7625       4       java.util.HashMap::removeNode (291 bytes)
Event: 2462,311 Thread 0x00007f5440185800 nmethod 7625 0x00007f5430785f90 code [0x00007f5430786160, 0x00007f5430786838]
Event: 2462,312 Thread 0x00007f5440185800 7626       4       java.util.HashSet::remove (20 bytes)

GC Heap History (20 events):
Event: 0,713 GC heap before
{Heap before GC invocations=0 (full 0):
 garbage-first heap   total 129024K, used 15048K [0x0000000085c00000, 0x0000000100000000)
  region size 1024K, 14 young (14336K), 0 survivors (0K)
 Metaspace       used 2914K, capacity 5696K, committed 6016K, reserved 1056768K
  class space    used 288K, capacity 559K, committed 640K, reserved 1048576K
}
Event: 0,728 GC heap after
{Heap after GC invocations=1 (full 0):
 garbage-first heap   total 129024K, used 6690K [0x0000000085c00000, 0x0000000100000000)
  region size 1024K, 2 young (2048K), 2 survivors (2048K)
 Metaspace       used 2914K, capacity 5696K, committed 6016K, reserved 1056768K
  class space    used 288K, capacity 559K, committed 640K, reserved 1048576K
}
Event: 0,981 GC heap before
{Heap before GC invocations=1 (full 0):
 garbage-first heap   total 129024K, used 15906K [0x0000000085c00000, 0x0000000100000000)
  region size 1024K, 11 young (11264K), 2 survivors (2048K)
 Metaspace       used 4706K, capacity 6678K, committed 6912K, reserved 1056768K
  class space    used 511K, capacity 697K, committed 768K, reserved 1048576K
}
Event: 0,993 GC heap after
{Heap after GC invocations=2 (full 0):
 garbage-first heap   total 129024K, used 7132K [0x0000000085c00000, 0x0000000100000000)
  region size 1024K, 1 young (1024K), 1 survivors (1024K)
 Metaspace       used 4706K, capacity 6678K, committed 6912K, reserved 1056768K
  class space    used 511K, capacity 697K, committed 768K, reserved 1048576K
}
Event: 1,852 GC heap before
{Heap before GC invocations=2 (full 0):
 garbage-first heap   total 129024K, used 33756K [0x0000000085c00000, 0x0000000100000000)
  region size 1024K, 27 young (27648K), 1 survivors (1024K)
 Metaspace       used 8173K, capacity 9053K, committed 9344K, reserved 1056768K
  class space    used 971K, capacity 1137K, committed 1152K, reserved 1048576K
}
Event: 1,859 GC heap after
{Heap after GC invocations=3 (full 0):
 garbage-first heap   total 129024K, used 8479K [0x0000000085c00000, 0x0000000100000000)
  region size 1024K, 2 young (2048K), 2 survivors (2048K)
 Metaspace       used 8173K, capacity 9053K, committed 9344K, reserved 1056768K
  class space    used 971K, capacity 1137K, committed 1152K, reserved 1048576K
}
Event: 2,701 GC heap before
{Heap before GC invocations=3 (full 0):
 garbage-first heap   total 129024K, used 54559K [0x0000000085c00000, 0x0000000100000000)
  region size 1024K, 47 young (48128K), 2 survivors (2048K)
 Metaspace       used 14220K, capacity 14723K, committed 14976K, reserved 1062912K
  class space    used 1850K, capacity 2064K, committed 2176K, reserved 1048576K
}
Event: 2,711 GC heap after
{Heap after GC invocations=4 (full 0):
 garbage-first heap   total 129024K, used 9915K [0x0000000085c00000, 0x0000000100000000)
  region size 1024K, 4 young (4096K), 4 survivors (4096K)
 Metaspace       used 14220K, capacity 14723K, committed 14976K, reserved 1062912K
  class space    used 1850K, capacity 2064K, committed 2176K, reserved 1048576K
}
Event: 3,725 GC heap before
{Heap before GC invocations=4 (full 0):
 garbage-first heap   total 129024K, used 63163K [0x0000000085c00000, 0x0000000100000000)
  region size 1024K, 58 young (59392K), 4 survivors (4096K)
 Metaspace       used 20281K, capacity 20908K, committed 21248K, reserved 1067008K
  class space    used 2541K, capacity 2805K, committed 2816K, reserved 1048576K
}
Event: 3,735 GC heap after
{Heap after GC invocations=5 (full 0):
 garbage-first heap   total 158720K, used 11885K [0x0000000085c00000, 0x0000000100000000)
  region size 1024K, 6 young (6144K), 6 survivors (6144K)
 Metaspace       used 20281K, capacity 20908K, committed 21248K, reserved 1067008K
  class space    used 2541K, capacity 2805K, committed 2816K, reserved 1048576K
}
Event: 5,602 GC heap before
{Heap before GC invocations=6 (full 0):
 garbage-first heap   total 158720K, used 98925K [0x0000000085c00000, 0x0000000100000000)
  region size 1024K, 91 young (93184K), 6 survivors (6144K)
 Metaspace       used 27897K, capacity 28905K, committed 29056K, reserved 1075200K
  class space    used 3567K, capacity 3959K, committed 3968K, reserved 1048576K
}
Event: 5,644 GC heap after
{Heap after GC invocations=7 (full 0):
 garbage-first heap   total 158720K, used 15040K [0x0000000085c00000, 0x0000000100000000)
  region size 1024K, 9 young (9216K), 9 survivors (9216K)
 Metaspace       used 27897K, capacity 28905K, committed 29056K, reserved 1075200K
  class space    used 3567K, capacity 3959K, committed 3968K, reserved 1048576K
}
Event: 6,500 GC heap before
{Heap before GC invocations=7 (full 0):
 garbage-first heap   total 158720K, used 60096K [0x0000000085c00000, 0x0000000100000000)
  region size 1024K, 54 young (55296K), 9 survivors (9216K)
 Metaspace       used 34245K, capacity 35419K, committed 35584K, reserved 1079296K
  class space    used 4295K, capacity 4768K, committed 4864K, reserved 1048576K
}
Event: 6,530 GC heap after
{Heap after GC invocations=8 (full 0):
 garbage-first heap   total 158720K, used 18901K [0x0000000085c00000, 0x0000000100000000)
  region size 1024K, 9 young (9216K), 9 survivors (9216K)
 Metaspace       used 34245K, capacity 35419K, committed 35584K, reserved 1079296K
  class space    used 4295K, capacity 4768K, committed 4864K, reserved 1048576K
}
Event: 8,992 GC heap before
{Heap before GC invocations=9 (full 0):
 garbage-first heap   total 158720K, used 104917K [0x0000000085c00000, 0x0000000100000000)
  region size 1024K, 93 young (95232K), 9 survivors (9216K)
 Metaspace       used 51404K, capacity 52744K, committed 52992K, reserved 1095680K
  class space    used 6815K, capacity 7384K, committed 7424K, reserved 1048576K
}
Event: 9,009 GC heap after
{Heap after GC invocations=10 (full 0):
 garbage-first heap   total 158720K, used 22983K [0x0000000085c00000, 0x0000000100000000)
  region size 1024K, 8 young (8192K), 8 survivors (8192K)
 Metaspace       used 51404K, capacity 52744K, committed 52992K, reserved 1095680K
  class space    used 6815K, capacity 7384K, committed 7424K, reserved 1048576K
}
Event: 10,667 GC heap before
{Heap before GC invocations=11 (full 0):
 garbage-first heap   total 158720K, used 110023K [0x0000000085c00000, 0x0000000100000000)
  region size 1024K, 93 young (95232K), 8 survivors (8192K)
 Metaspace       used 60692K, capacity 62507K, committed 62848K, reserved 1103872K
  class space    used 7999K, capacity 8721K, committed 8832K, reserved 1048576K
}
Event: 10,707 GC heap after
{Heap after GC invocations=12 (full 0):
 garbage-first heap   total 196608K, used 27134K [0x0000000085c00000, 0x0000000100000000)
  region size 1024K, 8 young (8192K), 8 survivors (8192K)
 Metaspace       used 60692K, capacity 62507K, committed 62848K, reserved 1103872K
  class space    used 7999K, capacity 8721K, committed 8832K, reserved 1048576K
}
Event: 1042,752 GC heap before
{Heap before GC invocations=12 (full 0):
 garbage-first heap   total 196608K, used 136702K [0x0000000085c00000, 0x0000000100000000)
  region size 1024K, 115 young (117760K), 8 survivors (8192K)
 Metaspace       used 70069K, capacity 72161K, committed 72448K, reserved 1112064K
  class space    used 9134K, capacity 9943K, committed 9984K, reserved 1048576K
}
Event: 1042,887 GC heap after
{Heap after GC invocations=13 (full 0):
 garbage-first heap   total 196608K, used 30953K [0x0000000085c00000, 0x0000000100000000)
  region size 1024K, 12 young (12288K), 12 survivors (12288K)
 Metaspace       used 70069K, capacity 72161K, committed 72448K, reserved 1112064K
  class space    used 9134K, capacity 9943K, committed 9984K, reserved 1048576K
}

Deoptimization events (20 events):
Event: 1924,360 Thread 0x00007f53d16a0000 DEOPT PACKING pc=0x00007f54296f02e5 sp=0x00007f53aa239710
Event: 1924,360 Thread 0x00007f53d16a0000 DEOPT UNPACKING pc=0x00007f542888764a sp=0x00007f53aa238ba0 mode 0
Event: 1978,952 Thread 0x00007f53d1696800 DEOPT PACKING pc=0x00007f5429720e2c sp=0x00007f53aa742010
Event: 1978,952 Thread 0x00007f53d1696800 DEOPT UNPACKING pc=0x00007f542888764a sp=0x00007f53aa741488 mode 0
Event: 2344,392 Thread 0x00007f53d16ab000 Uncommon trap: trap_request=0xffffff4d fr.pc=0x00007f5430727de4 relative=0x00000000000000c4
Event: 2344,392 Thread 0x00007f53d16ab000 Uncommon trap: reason=unstable_if action=reinterpret pc=0x00007f5430727de4 method=java.util.concurrent.TimeUnit.convert(JLjava/util/concurrent/TimeUnit;)J @ 8 c2
Event: 2344,411 Thread 0x00007f53d16ab000 DEOPT PACKING pc=0x00007f5430727de4 sp=0x00007f53a9e3b710
Event: 2344,411 Thread 0x00007f53d16ab000 DEOPT UNPACKING pc=0x00007f5428886ea5 sp=0x00007f53a9e3b6c0 mode 2
Event: 2462,206 Thread 0x00007f53e82a2800 Uncommon trap: trap_request=0xffffff4d fr.pc=0x00007f54305b247c relative=0x00000000000000bc
Event: 2462,206 Thread 0x00007f53e82a2800 Uncommon trap: reason=unstable_if action=reinterpret pc=0x00007f54305b247c method=sun.net.www.ParseUtil.firstEncodeIndex(Ljava/lang/String;)I @ 73 c2
Event: 2462,206 Thread 0x00007f53e82a2800 DEOPT PACKING pc=0x00007f54305b247c sp=0x00007f540aab1b90
Event: 2462,206 Thread 0x00007f53e82a2800 DEOPT UNPACKING pc=0x00007f5428886ea5 sp=0x00007f540aab1ae0 mode 2
Event: 2462,279 Thread 0x00007f53d169e000 Uncommon trap: trap_request=0xffffff4d fr.pc=0x00007f5430775f50 relative=0x0000000000000310
Event: 2462,279 Thread 0x00007f53d169e000 Uncommon trap: reason=unstable_if action=reinterpret pc=0x00007f5430775f50 method=java.util.concurrent.locks.AbstractQueuedSynchronizer.enq(Ljava/util/concurrent/locks/AbstractQueuedSynchronizer$Node;)Ljava/util/concurrent/locks/AbstractQueuedSynchronizer
Event: 2462,279 Thread 0x00007f53d169e000 DEOPT PACKING pc=0x00007f5430775f50 sp=0x00007f53aa340520
Event: 2462,279 Thread 0x00007f53d169e000 DEOPT UNPACKING pc=0x00007f5428886ea5 sp=0x00007f53aa3404e8 mode 2
Event: 2462,279 Thread 0x00007f53d169e000 Uncommon trap: trap_request=0xffffff4d fr.pc=0x00007f543072fe88 relative=0x0000000000000708
Event: 2462,279 Thread 0x00007f53d169e000 Uncommon trap: reason=unstable_if action=reinterpret pc=0x00007f543072fe88 method=java.util.concurrent.locks.AbstractQueuedSynchronizer.acquireQueued(Ljava/util/concurrent/locks/AbstractQueuedSynchronizer$Node;I)Z @ 14 c2
Event: 2462,279 Thread 0x00007f53d169e000 DEOPT PACKING pc=0x00007f543072fe88 sp=0x00007f53aa340790
Event: 2462,279 Thread 0x00007f53d169e000 DEOPT UNPACKING pc=0x00007f5428886ea5 sp=0x00007f53aa340750 mode 2

Classes redefined (0 events):
No events

Internal exceptions (20 events):
Event: 11,104 Thread 0x00007f53cc006000 Exception <a 'java/lang/ClassNotFoundException'{0x0000000090bb0ca8}: java/lang/ObjectCustomizer> (0x0000000090bb0ca8) thrown at [src/hotspot/share/classfile/systemDictionary.cpp, line 230]
Event: 11,105 Thread 0x00007f53cc006000 Exception <a 'java/lang/ClassNotFoundException'{0x0000000090bcb6d8}: org/springframework/security/config/annotation/web/configuration/HttpSecurityConfigurationCustomizer> (0x0000000090bcb6d8) thrown at [src/hotspot/share/classfile/systemDictionary.cpp, line 230]
Event: 11,124 Thread 0x00007f53cc006000 Exception <a 'java/lang/NoSuchMethodError'{0x0000000090a79810}: 'java.lang.Object java.lang.invoke.DirectMethodHandle$Holder.invokeInterface(java.lang.Object, java.lang.Object, java.lang.Object, java.lang.Object)'> (0x0000000090a79810) thrown at [src/hotspot/share/interpreter/linkResolver.cpp, line 772]
Event: 11,322 Thread 0x00007f53cc006000 Exception <a 'java/lang/NoSuchMethodError'{0x0000000090145638}: 'void java.lang.invoke.DirectMethodHandle$Holder.invokeVirtual(java.lang.Object, java.lang.Object, int)'> (0x0000000090145638) thrown at [src/hotspot/share/interpreter/linkResolver.cpp, line 772]
Event: 11,325 Thread 0x00007f53cc006000 Exception <a 'java/lang/NoSuchMethodError'{0x000000009015f200}: 'void java.lang.invoke.DirectMethodHandle$Holder.invokeVirtual(java.lang.Object, java.lang.Object, long)'> (0x000000009015f200) thrown at [src/hotspot/share/interpreter/linkResolver.cpp, line 772]
Event: 11,523 Thread 0x00007f53cc006000 Exception <a 'java/lang/IncompatibleClassChangeError'{0x000000008f95fd10}: Found class java.lang.Object, but interface was expected> (0x000000008f95fd10) thrown at [src/hotspot/share/interpreter/linkResolver.cpp, line 839]
Event: 11,721 Thread 0x00007f53cc006000 Implicit null exception at 0x00007f543044335d to 0x00007f5430443594
Event: 11,823 Thread 0x00007f53cc006000 Exception <a 'java/lang/NoSuchMethodError'{0x000000008eefae00}: 'java.lang.Object java.lang.invoke.DirectMethodHandle$Holder.invokeSpecial(java.lang.Object, java.lang.Object, int, java.lang.Object, int, java.lang.Object)'> (0x000000008eefae00) thrown at [src/hotspot/share/interpreter/linkResolver.cpp, line 772]
Event: 11,824 Thread 0x00007f53cc006000 Exception <a 'java/lang/NoSuchMethodError'{0x000000008ed02b20}: 'java.lang.Object java.lang.invoke.DirectMethodHandle$Holder.invokeStatic(java.lang.Object, java.lang.Object, int, java.lang.Object, int)'> (0x000000008ed02b20) thrown at [src/hotspot/share/interpreter/linkResolver.cpp, line 772]
Event: 11,824 Thread 0x00007f53cc006000 Exception <a 'java/lang/NoSuchMethodError'{0x000000008ed06300}: 'java.lang.Object java.lang.invoke.DirectMethodHandle$Holder.invokeSpecial(java.lang.Object, java.lang.Object, java.lang.Object, int, java.lang.Object, int)'> (0x000000008ed06300) thrown at [src/hotspot/share/interpreter/linkResolver.cpp, line 772]
Event: 11,826 Thread 0x00007f53cc006000 Exception <a 'java/lang/NoSuchMethodError'{0x000000008ed11450}: 'void java.lang.invoke.DirectMethodHandle$Holder.invokeVirtual(java.lang.Object, java.lang.Object)'> (0x000000008ed11450) thrown at [src/hotspot/share/interpreter/linkResolver.cpp, line 772]
Event: 91,603 Thread 0x00007f53d169a000 Implicit null exception at 0x00007f54304ea6e0 to 0x00007f54304ea700
Event: 254,129 Thread 0x00007f53d1696800 Exception <a 'java/lang/NoSuchMethodError'{0x000000008c98f520}: 'java.lang.Object java.lang.invoke.DirectMethodHandle$Holder.invokeStaticInit(java.lang.Object, java.lang.Object, java.lang.Object, java.lang.Object, java.lang.Object, java.lang.Object)'> (0x000000008c98f520) thrown at [src/hotspot/share/interpreter/linkResolver.cpp, line 772]
Event: 1764,456 Thread 0x00007f53c0058000 Exception <a 'java/net/SocketException'{0x0000000090337b58}> (0x0000000090337b58) thrown at [src/hotspot/share/prims/jni.cpp, line 616]
Event: 1767,309 Thread 0x00007f53c0058000 Exception <a 'java/net/SocketException'{0x0000000090339850}> (0x0000000090339850) thrown at [src/hotspot/share/prims/jni.cpp, line 616]
Event: 1771,053 Thread 0x00007f53c0058000 Exception <a 'java/net/SocketException'{0x000000009033cb68}> (0x000000009033cb68) thrown at [src/hotspot/share/prims/jni.cpp, line 616]
Event: 1790,914 Thread 0x00007f53c004e000 Exception <a 'java/net/SocketException'{0x000000008fc39e08}> (0x000000008fc39e08) thrown at [src/hotspot/share/prims/jni.cpp, line 616]
Event: 1798,828 Thread 0x00007f53c004e000 Exception <a 'java/net/SocketException'{0x000000008f936050}> (0x000000008f936050) thrown at [src/hotspot/share/prims/jni.cpp, line 616]
Event: 2462,283 Thread 0x00007f53d0dd3800 Exception <a 'java/lang/InterruptedException'{0x000000008e19ebe0}: sleep interrupted> (0x000000008e19ebe0) thrown at [src/hotspot/share/prims/jvm.cpp, line 3125]
Event: 2462,297 Thread 0x00007f53d1688800 Exception <a 'java/lang/InterruptedException'{0x000000008e207eb0}: sleep interrupted> (0x000000008e207eb0) thrown at [src/hotspot/share/prims/jvm.cpp, line 3125]

Events (20 events):
Event: 2462,286 Thread 0x00007f53d0dd2000 Thread exited: 0x00007f53d0dd2000
Event: 2462,286 Thread 0x00007f53b8002000 Thread exited: 0x00007f53b8002000
Event: 2462,293 Executing VM operation: RevokeBias
Event: 2462,293 Executing VM operation: RevokeBias done
Event: 2462,293 Executing VM operation: RevokeBias
Event: 2462,293 Executing VM operation: RevokeBias done
Event: 2462,293 Executing VM operation: RevokeBias
Event: 2462,293 Executing VM operation: RevokeBias done
Event: 2462,293 Executing VM operation: RevokeBias
Event: 2462,293 Executing VM operation: RevokeBias done
Event: 2462,294 Executing VM operation: RevokeBias
Event: 2462,294 Executing VM operation: RevokeBias done
Event: 2462,296 Executing VM operation: RevokeBias
Event: 2462,296 Executing VM operation: RevokeBias done
Event: 2462,297 Thread 0x00007f53d1688800 Thread exited: 0x00007f53d1688800
Event: 2462,319 Executing VM operation: RevokeBias
Event: 2462,319 Executing VM operation: RevokeBias done
Event: 2462,322 Executing VM operation: RevokeBias
Event: 2462,322 Executing VM operation: RevokeBias done
Event: 2462,322 loading class java/util/AbstractMap$2


Dynamic libraries:
85c00000-91a00000 rw-p 00000000 00:00 0 
91a00000-ffe00000 ---p 00000000 00:00 0 
ffe00000-ffe47000 rw-p 01118000 08:05 4063890                            /usr/lib/jvm/java-11-openjdk-amd64/lib/server/classes.jsa
ffe47000-fff00000 rw-p 00000000 00:00 0 
fff00000-fff6b000 rw-p 010ad000 08:05 4063890                            /usr/lib/jvm/java-11-openjdk-amd64/lib/server/classes.jsa
fff6b000-100000000 rw-p 00000000 00:00 0 
800000000-800002000 rwxp 00001000 08:05 4063890                          /usr/lib/jvm/java-11-openjdk-amd64/lib/server/classes.jsa
800002000-8003cb000 rw-p 00003000 08:05 4063890                          /usr/lib/jvm/java-11-openjdk-amd64/lib/server/classes.jsa
8003cb000-800a99000 r--p 003cc000 08:05 4063890                          /usr/lib/jvm/java-11-openjdk-amd64/lib/server/classes.jsa
800a99000-800a9a000 rw-p 00a9a000 08:05 4063890                          /usr/lib/jvm/java-11-openjdk-amd64/lib/server/classes.jsa
800a9a000-8010ac000 r--p 00a9b000 08:05 4063890                          /usr/lib/jvm/java-11-openjdk-amd64/lib/server/classes.jsa
840000000-8409e0000 rw-p 00000000 00:00 0 
8409e0000-880000000 ---p 00000000 00:00 0 
55bca4726000-55bca4727000 r--p 00000000 08:05 4064194                    /usr/lib/jvm/java-11-openjdk-amd64/bin/java
55bca4727000-55bca4728000 r-xp 00001000 08:05 4064194                    /usr/lib/jvm/java-11-openjdk-amd64/bin/java
55bca4728000-55bca4729000 r--p 00002000 08:05 4064194                    /usr/lib/jvm/java-11-openjdk-amd64/bin/java
55bca4729000-55bca472a000 r--p 00002000 08:05 4064194                    /usr/lib/jvm/java-11-openjdk-amd64/bin/java
55bca472a000-55bca472b000 rw-p 00003000 08:05 4064194                    /usr/lib/jvm/java-11-openjdk-amd64/bin/java
55bca647d000-55bca649e000 rw-p 00000000 00:00 0                          [heap]
7f53a4000000-7f53a4021000 rw-p 00000000 00:00 0 
7f53a4021000-7f53a8000000 ---p 00000000 00:00 0 
7f53a983b000-7f53a997b000 rw-p 00000000 00:00 0 
7f53a997b000-7f53a9a3b000 ---p 00000000 00:00 0 
7f53a9a3b000-7f53a9c3b000 rw-p 00000000 00:00 0 
7f53a9c3b000-7f53a9c3f000 ---p 00000000 00:00 0 
7f53a9c3f000-7f53a9d3c000 rw-p 00000000 00:00 0 
7f53a9d3c000-7f53a9d40000 ---p 00000000 00:00 0 
7f53a9d40000-7f53a9e3d000 rw-p 00000000 00:00 0 
7f53a9e3d000-7f53a9e41000 ---p 00000000 00:00 0 
7f53a9e41000-7f53a9f3e000 rw-p 00000000 00:00 0 
7f53a9f3e000-7f53a9f42000 ---p 00000000 00:00 0 
7f53a9f42000-7f53aa03f000 rw-p 00000000 00:00 0 
7f53aa03f000-7f53aa043000 ---p 00000000 00:00 0 
7f53aa043000-7f53aa140000 rw-p 00000000 00:00 0 
7f53aa140000-7f53aa144000 ---p 00000000 00:00 0 
7f53aa144000-7f53aa241000 rw-p 00000000 00:00 0 
7f53aa241000-7f53aa245000 ---p 00000000 00:00 0 
7f53aa245000-7f53aa342000 rw-p 00000000 00:00 0 
7f53aa342000-7f53aa346000 ---p 00000000 00:00 0 
7f53aa346000-7f53aa443000 rw-p 00000000 00:00 0 
7f53aa443000-7f53aa447000 ---p 00000000 00:00 0 
7f53aa447000-7f53aa544000 rw-p 00000000 00:00 0 
7f53aa544000-7f53aa548000 ---p 00000000 00:00 0 
7f53aa548000-7f53aa645000 rw-p 00000000 00:00 0 
7f53aa645000-7f53aa649000 ---p 00000000 00:00 0 
7f53aa649000-7f53aa746000 rw-p 00000000 00:00 0 
7f53aa746000-7f53aa74a000 ---p 00000000 00:00 0 
7f53aa74a000-7f53aa847000 rw-p 00000000 00:00 0 
7f53aa847000-7f53aa84b000 ---p 00000000 00:00 0 
7f53aa84b000-7f53aab48000 rw-p 00000000 00:00 0 
7f53aac00000-7f53aae00000 rw-p 00000000 00:00 0 
7f53aae00000-7f53ab000000 rw-p 00000000 00:00 0 
7f53ab000000-7f53ab200000 rw-p 00000000 00:00 0 
7f53ab200000-7f53ab400000 rw-p 00000000 00:00 0 
7f53ab400000-7f53ab600000 rw-p 00000000 00:00 0 
7f53ab600000-7f53ab800000 rw-p 00000000 00:00 0 
7f53ab800000-7f53aba00000 rw-p 00000000 00:00 0 
7f53aba00000-7f53abc00000 rw-p 00000000 00:00 0 
7f53abc00000-7f53abe00000 rw-p 00000000 00:00 0 
7f53abe00000-7f53ac000000 rw-p 00000000 00:00 0 
7f53ac000000-7f53ac088000 rw-p 00000000 00:00 0 
7f53ac088000-7f53b0000000 ---p 00000000 00:00 0 
7f53b0000000-7f53b0188000 rw-p 00000000 00:00 0 
7f53b0188000-7f53b4000000 ---p 00000000 00:00 0 
7f53b4000000-7f53b4120000 rw-p 00000000 00:00 0 
7f53b4120000-7f53b8000000 ---p 00000000 00:00 0 
7f53b8000000-7f53b8185000 rw-p 00000000 00:00 0 
7f53b8185000-7f53bc000000 ---p 00000000 00:00 0 
7f53bc000000-7f53bc368000 rw-p 00000000 00:00 0 
7f53bc368000-7f53c0000000 ---p 00000000 00:00 0 
7f53c0000000-7f53c0141000 rw-p 00000000 00:00 0 
7f53c0141000-7f53c4000000 ---p 00000000 00:00 0 
7f53c4000000-7f53c40dd000 rw-p 00000000 00:00 0 
7f53c40dd000-7f53c8000000 ---p 00000000 00:00 0 
7f53c8000000-7f53c8111000 rw-p 00000000 00:00 0 
7f53c8111000-7f53cc000000 ---p 00000000 00:00 0 
7f53cc000000-7f53cc0bc000 rw-p 00000000 00:00 0 
7f53cc0bc000-7f53d0000000 ---p 00000000 00:00 0 
7f53d0000000-7f53d16bf000 rw-p 00000000 00:00 0 
7f53d16bf000-7f53d4000000 ---p 00000000 00:00 0 
7f53d4000000-7f53d4021000 rw-p 00000000 00:00 0 
7f53d4021000-7f53d8000000 ---p 00000000 00:00 0 
7f53d8000000-7f53d8021000 rw-p 00000000 00:00 0 
7f53d8021000-7f53dc000000 ---p 00000000 00:00 0 
7f53dc000000-7f53dca1c000 rw-p 00000000 00:00 0 
7f53dca1c000-7f53e0000000 ---p 00000000 00:00 0 
7f53e0000000-7f53e0021000 rw-p 00000000 00:00 0 
7f53e0021000-7f53e4000000 ---p 00000000 00:00 0 
7f53e4000000-7f53e4438000 rw-p 00000000 00:00 0 
7f53e4438000-7f53e8000000 ---p 00000000 00:00 0 
7f53e8000000-7f53e9c8a000 rw-p 00000000 00:00 0 
7f53e9c8a000-7f53ec000000 ---p 00000000 00:00 0 
7f53ec000000-7f53ecbe9000 rw-p 00000000 00:00 0 
7f53ecbe9000-7f53f0000000 ---p 00000000 00:00 0 
7f53f0000000-7f53f0021000 rw-p 00000000 00:00 0 
7f53f0021000-7f53f4000000 ---p 00000000 00:00 0 
7f53f4000000-7f53f4021000 rw-p 00000000 00:00 0 
7f53f4021000-7f53f8000000 ---p 00000000 00:00 0 
7f53f8000000-7f53f9b3d000 rw-p 00000000 00:00 0 
7f53f9b3d000-7f53fc000000 ---p 00000000 00:00 0 
7f53fc000000-7f53fc023000 rw-p 00000000 00:00 0 
7f53fc023000-7f5400000000 ---p 00000000 00:00 0 
7f5400000000-7f5400021000 rw-p 00000000 00:00 0 
7f5400021000-7f5404000000 ---p 00000000 00:00 0 
7f5404000000-7f5404021000 rw-p 00000000 00:00 0 
7f5404021000-7f5408000000 ---p 00000000 00:00 0 
7f540803f000-7f5408043000 ---p 00000000 00:00 0 
7f5408043000-7f5408340000 rw-p 00000000 00:00 0 
7f5408340000-7f5408344000 ---p 00000000 00:00 0 
7f5408344000-7f5408441000 rw-p 00000000 00:00 0 
7f5408441000-7f5408445000 ---p 00000000 00:00 0 
7f5408445000-7f5408542000 rw-p 00000000 00:00 0 
7f5408542000-7f5408546000 ---p 00000000 00:00 0 
7f5408546000-7f5408643000 rw-p 00000000 00:00 0 
7f5408643000-7f5408647000 ---p 00000000 00:00 0 
7f5408647000-7f5408944000 rw-p 00000000 00:00 0 
7f5408944000-7f5408b44000 rw-p 00000000 00:00 0 
7f5408b44000-7f5408d44000 rw-p 00000000 00:00 0 
7f5408d44000-7f5408f44000 rw-p 00000000 00:00 0 
7f5408f44000-7f5408fbc000 r--p 00000000 08:05 3938187                    /usr/lib/x86_64-linux-gnu/libcrypto.so.1.1
7f5408fbc000-7f5409157000 r-xp 00078000 08:05 3938187                    /usr/lib/x86_64-linux-gnu/libcrypto.so.1.1
7f5409157000-7f54091e8000 r--p 00213000 08:05 3938187                    /usr/lib/x86_64-linux-gnu/libcrypto.so.1.1
7f54091e8000-7f5409214000 r--p 002a3000 08:05 3938187                    /usr/lib/x86_64-linux-gnu/libcrypto.so.1.1
7f5409214000-7f5409216000 rw-p 002cf000 08:05 3938187                    /usr/lib/x86_64-linux-gnu/libcrypto.so.1.1
7f5409216000-7f540921a000 rw-p 00000000 00:00 0 
7f540921a000-7f5409236000 r--p 00000000 08:05 3939908                    /usr/lib/x86_64-linux-gnu/libssl.so.1.1
7f5409236000-7f5409285000 r-xp 0001c000 08:05 3939908                    /usr/lib/x86_64-linux-gnu/libssl.so.1.1
7f5409285000-7f540929f000 r--p 0006b000 08:05 3939908                    /usr/lib/x86_64-linux-gnu/libssl.so.1.1
7f540929f000-7f54092a0000 ---p 00085000 08:05 3939908                    /usr/lib/x86_64-linux-gnu/libssl.so.1.1
7f54092a0000-7f54092a9000 r--p 00085000 08:05 3939908                    /usr/lib/x86_64-linux-gnu/libssl.so.1.1
7f54092a9000-7f54092ad000 rw-p 0008e000 08:05 3939908                    /usr/lib/x86_64-linux-gnu/libssl.so.1.1
7f54092ad000-7f54094ad000 rw-p 00000000 00:00 0 
7f54094ad000-7f54096ad000 rw-p 00000000 00:00 0 
7f54096ad000-7f54098ad000 rw-p 00000000 00:00 0 
7f54098ad000-7f5409aad000 rw-p 00000000 00:00 0 
7f5409aad000-7f5409cad000 rw-p 00000000 00:00 0 
7f5409cad000-7f5409cb1000 ---p 00000000 00:00 0 
7f5409cb1000-7f5409fae000 rw-p 00000000 00:00 0 
7f5409fae000-7f540a1ae000 rw-p 00000000 00:00 0 
7f540a1ae000-7f540a3ae000 rw-p 00000000 00:00 0 
7f540a3ae000-7f540a3b2000 ---p 00000000 00:00 0 
7f540a3b2000-7f540a6af000 rw-p 00000000 00:00 0 
7f540a6af000-7f540a6b0000 ---p 00000000 00:00 0 
7f540a6b0000-7f540a7b1000 rw-p 00000000 00:00 0 
7f540a7b1000-7f540a7b5000 ---p 00000000 00:00 0 
7f540a7b5000-7f540a8b2000 rw-p 00000000 00:00 0 
7f540a8b2000-7f540a8b6000 ---p 00000000 00:00 0 
7f540a8b6000-7f540a9b3000 rw-p 00000000 00:00 0 
7f540a9b3000-7f540a9b7000 ---p 00000000 00:00 0 
7f540a9b7000-7f540aab4000 rw-p 00000000 00:00 0 
7f540aab4000-7f540aab5000 ---p 00000000 00:00 0 
7f540aab5000-7f540abb6000 rw-p 00000000 00:00 0 
7f540abb6000-7f540abb7000 ---p 00000000 00:00 0 
7f540abb7000-7f540acb8000 rw-p 00000000 00:00 0 
7f540acb8000-7f540acb9000 ---p 00000000 00:00 0 
7f540acb9000-7f540adba000 rw-p 00000000 00:00 0 
7f540adba000-7f540adbe000 ---p 00000000 00:00 0 
7f540adbe000-7f540aebb000 rw-p 00000000 00:00 0 
7f540aebb000-7f540aebf000 ---p 00000000 00:00 0 
7f540aebf000-7f540afbc000 rw-p 00000000 00:00 0 
7f540afbc000-7f540afc0000 ---p 00000000 00:00 0 
7f540afc0000-7f540b0bd000 rw-p 00000000 00:00 0 
7f540b0bd000-7f540b0c1000 ---p 00000000 00:00 0 
7f540b0c1000-7f540b1be000 rw-p 00000000 00:00 0 
7f540b1be000-7f540b1c2000 ---p 00000000 00:00 0 
7f540b1c2000-7f540b2bf000 rw-p 00000000 00:00 0 
7f540b2bf000-7f540b2c3000 ---p 00000000 00:00 0 
7f540b2c3000-7f540b3c0000 rw-p 00000000 00:00 0 
7f540b3c0000-7f540b3c4000 ---p 00000000 00:00 0 
7f540b3c4000-7f540b4c1000 rw-p 00000000 00:00 0 
7f540b4c1000-7f540b4c5000 ---p 00000000 00:00 0 
7f540b4c5000-7f540b5c2000 rw-p 00000000 00:00 0 
7f540b5c2000-7f540bdfe000 r--p 00000000 08:05 3932730                    /usr/lib/locale/locale-archive
7f540bdfe000-7f540be02000 ---p 00000000 00:00 0 
7f540be02000-7f540beff000 rw-p 00000000 00:00 0 
7f540beff000-7f540bf03000 ---p 00000000 00:00 0 
7f540bf03000-7f540c000000 rw-p 00000000 00:00 0 
7f540c000000-7f540c021000 rw-p 00000000 00:00 0 
7f540c021000-7f5410000000 ---p 00000000 00:00 0 
7f5410000000-7f5410209000 rw-p 00000000 00:00 0 
7f5410209000-7f5414000000 ---p 00000000 00:00 0 
7f5414000000-7f5414021000 rw-p 00000000 00:00 0 
7f5414021000-7f5418000000 ---p 00000000 00:00 0 
7f5418000000-7f5418021000 rw-p 00000000 00:00 0 
7f5418021000-7f541c000000 ---p 00000000 00:00 0 
7f541c000000-7f541c021000 rw-p 00000000 00:00 0 
7f541c021000-7f5420000000 ---p 00000000 00:00 0 
7f542006e000-7f542006f000 ---p 00000000 00:00 0 
7f542006f000-7f5422468000 rw-p 00000000 00:00 0 
7f5422468000-7f5423ff8000 ---p 00000000 00:00 0 
7f5423ff8000-7f5424000000 rw-p 00000000 00:00 0 
7f5424000000-7f5424021000 rw-p 00000000 00:00 0 
7f5424021000-7f5428000000 ---p 00000000 00:00 0 
7f542803d000-7f542883d000 rw-p 00000000 00:00 0 
7f542883d000-7f5428aad000 rwxp 00000000 00:00 0 
7f5428aad000-7f5428dcd000 ---p 00000000 00:00 0 
7f5428dcd000-7f5429d8d000 rwxp 00000000 00:00 0 
7f5429d8d000-7f5430305000 ---p 00000000 00:00 0 
7f5430305000-7f5430795000 rwxp 00000000 00:00 0 
7f5430795000-7f543783d000 ---p 00000000 00:00 0 
7f543783d000-7f5440000000 r--s 00000000 08:05 4090295                    /usr/lib/jvm/java-11-openjdk-amd64/lib/modules
7f5440000000-7f5440774000 rw-p 00000000 00:00 0 
7f5440774000-7f5444000000 ---p 00000000 00:00 0 
7f5444003000-7f544400b000 r--p 00000000 08:05 4090291                    /usr/lib/jvm/java-11-openjdk-amd64/lib/libsunec.so
7f544400b000-7f5444024000 r-xp 00008000 08:05 4090291                    /usr/lib/jvm/java-11-openjdk-amd64/lib/libsunec.so
7f5444024000-7f544402e000 r--p 00021000 08:05 4090291                    /usr/lib/jvm/java-11-openjdk-amd64/lib/libsunec.so
7f544402e000-7f544402f000 ---p 0002b000 08:05 4090291                    /usr/lib/jvm/java-11-openjdk-amd64/lib/libsunec.so
7f544402f000-7f5444033000 r--p 0002b000 08:05 4090291                    /usr/lib/jvm/java-11-openjdk-amd64/lib/libsunec.so
7f5444033000-7f5444035000 rw-p 0002f000 08:05 4090291                    /usr/lib/jvm/java-11-openjdk-amd64/lib/libsunec.so
7f5444035000-7f5444037000 r--p 00000000 08:05 3932414                    /usr/lib/x86_64-linux-gnu/libuuid.so.1.3.0
7f5444037000-7f544403b000 r-xp 00002000 08:05 3932414                    /usr/lib/x86_64-linux-gnu/libuuid.so.1.3.0
7f544403b000-7f544403c000 r--p 00006000 08:05 3932414                    /usr/lib/x86_64-linux-gnu/libuuid.so.1.3.0
7f544403c000-7f544403d000 r--p 00006000 08:05 3932414                    /usr/lib/x86_64-linux-gnu/libuuid.so.1.3.0
7f544403d000-7f544403e000 rw-p 00007000 08:05 3932414                    /usr/lib/x86_64-linux-gnu/libuuid.so.1.3.0
7f544403e000-7f544404a000 r--p 00000000 08:05 3937988                    /usr/lib/x86_64-linux-gnu/libapr-1.so.0.6.5
7f544404a000-7f544406a000 r-xp 0000c000 08:05 3937988                    /usr/lib/x86_64-linux-gnu/libapr-1.so.0.6.5
7f544406a000-7f5444074000 r--p 0002c000 08:05 3937988                    /usr/lib/x86_64-linux-gnu/libapr-1.so.0.6.5
7f5444074000-7f5444075000 ---p 00036000 08:05 3937988                    /usr/lib/x86_64-linux-gnu/libapr-1.so.0.6.5
7f5444075000-7f5444076000 r--p 00036000 08:05 3937988                    /usr/lib/x86_64-linux-gnu/libapr-1.so.0.6.5
7f5444076000-7f5444077000 rw-p 00037000 08:05 3937988                    /usr/lib/x86_64-linux-gnu/libapr-1.so.0.6.5
7f5444089000-7f5444099000 r--p 00000000 08:05 3937993                    /usr/lib/x86_64-linux-gnu/libtcnative-1.so.0.2.23
7f5444099000-7f54440b0000 r-xp 00010000 08:05 3937993                    /usr/lib/x86_64-linux-gnu/libtcnative-1.so.0.2.23
7f54440b0000-7f54440b8000 r--p 00027000 08:05 3937993                    /usr/lib/x86_64-linux-gnu/libtcnative-1.so.0.2.23
7f54440b8000-7f54440b9000 r--p 0002e000 08:05 3937993                    /usr/lib/x86_64-linux-gnu/libtcnative-1.so.0.2.23
7f54440b9000-7f54440bb000 rw-p 0002f000 08:05 3937993                    /usr/lib/x86_64-linux-gnu/libtcnative-1.so.0.2.23
7f54440bb000-7f54440bd000 r--p 00000000 08:05 4090283                    /usr/lib/jvm/java-11-openjdk-amd64/lib/libmanagement_ext.so
7f54440bd000-7f54440c0000 r-xp 00002000 08:05 4090283                    /usr/lib/jvm/java-11-openjdk-amd64/lib/libmanagement_ext.so
7f54440c0000-7f54440c2000 r--p 00005000 08:05 4090283                    /usr/lib/jvm/java-11-openjdk-amd64/lib/libmanagement_ext.so
7f54440c2000-7f54440c3000 r--p 00006000 08:05 4090283                    /usr/lib/jvm/java-11-openjdk-amd64/lib/libmanagement_ext.so
7f54440c3000-7f54440c4000 rw-p 00007000 08:05 4090283                    /usr/lib/jvm/java-11-openjdk-amd64/lib/libmanagement_ext.so
7f54440c4000-7f54440c7000 r--p 00000000 08:05 4090281                    /usr/lib/jvm/java-11-openjdk-amd64/lib/libmanagement.so
7f54440c7000-7f54440c8000 r-xp 00003000 08:05 4090281                    /usr/lib/jvm/java-11-openjdk-amd64/lib/libmanagement.so
7f54440c8000-7f54440c9000 r--p 00004000 08:05 4090281                    /usr/lib/jvm/java-11-openjdk-amd64/lib/libmanagement.so
7f54440c9000-7f54440ca000 r--p 00004000 08:05 4090281                    /usr/lib/jvm/java-11-openjdk-amd64/lib/libmanagement.so
7f54440ca000-7f54440cb000 rw-p 00005000 08:05 4090281                    /usr/lib/jvm/java-11-openjdk-amd64/lib/libmanagement.so
7f54440cb000-7f54440cf000 r--p 00000000 08:05 4090285                    /usr/lib/jvm/java-11-openjdk-amd64/lib/libnet.so
7f54440cf000-7f54440dd000 r-xp 00004000 08:05 4090285                    /usr/lib/jvm/java-11-openjdk-amd64/lib/libnet.so
7f54440dd000-7f54440e1000 r--p 00012000 08:05 4090285                    /usr/lib/jvm/java-11-openjdk-amd64/lib/libnet.so
7f54440e1000-7f54440e2000 r--p 00015000 08:05 4090285                    /usr/lib/jvm/java-11-openjdk-amd64/lib/libnet.so
7f54440e2000-7f54440e3000 rw-p 00016000 08:05 4090285                    /usr/lib/jvm/java-11-openjdk-amd64/lib/libnet.so
7f54440e3000-7f54440ea000 r--p 00000000 08:05 4090286                    /usr/lib/jvm/java-11-openjdk-amd64/lib/libnio.so
7f54440ea000-7f54440f2000 r-xp 00007000 08:05 4090286                    /usr/lib/jvm/java-11-openjdk-amd64/lib/libnio.so
7f54440f2000-7f54440f5000 r--p 0000f000 08:05 4090286                    /usr/lib/jvm/java-11-openjdk-amd64/lib/libnio.so
7f54440f5000-7f54440f6000 r--p 00011000 08:05 4090286                    /usr/lib/jvm/java-11-openjdk-amd64/lib/libnio.so
7f54440f6000-7f54440f7000 rw-p 00012000 08:05 4090286                    /usr/lib/jvm/java-11-openjdk-amd64/lib/libnio.so
7f54440f7000-7f54441d3000 rw-p 00000000 00:00 0 
7f54441d3000-7f54441d4000 ---p 00000000 00:00 0 
7f54441d4000-7f54442d5000 rw-p 00000000 00:00 0 
7f54442d5000-7f54442d6000 ---p 00000000 00:00 0 
7f54442d6000-7f54447db000 rw-p 00000000 00:00 0 
7f54447db000-7f54447dc000 ---p 00000000 00:00 0 
7f54447dc000-7f54448dd000 rw-p 00000000 00:00 0 
7f54448dd000-7f54448de000 ---p 00000000 00:00 0 
7f54448de000-7f5444d18000 rw-p 00000000 00:00 0 
7f5444d18000-7f54468a8000 ---p 00000000 00:00 0 
7f54468a8000-7f544690f000 rw-p 00000000 00:00 0 
7f544690f000-7f5446c81000 ---p 00000000 00:00 0 
7f5446c81000-7f5446ce1000 rw-p 00000000 00:00 0 
7f5446ce1000-7f5447053000 ---p 00000000 00:00 0 
7f5447053000-7f54470b3000 rw-p 00000000 00:00 0 
7f54470b3000-7f5447425000 ---p 00000000 00:00 0 
7f5447425000-7f544782a000 rw-p 00000000 00:00 0 
7f544782a000-7f544782b000 ---p 00000000 00:00 0 
7f544782b000-7f5447936000 rw-p 00000000 00:00 0 
7f5447936000-7f5447a17000 ---p 00000000 00:00 0 
7f5447a17000-7f5447a37000 rw-p 00000000 00:00 0 
7f5447a37000-7f5447b02000 ---p 00000000 00:00 0 
7f5447b02000-7f5447b07000 rw-p 00000000 00:00 0 
7f5447b07000-7f5447b0e000 ---p 00000000 00:00 0 
7f5447b0e000-7f5447b10000 r--p 00000000 08:05 4090294                    /usr/lib/jvm/java-11-openjdk-amd64/lib/libzip.so
7f5447b10000-7f5447b15000 r-xp 00002000 08:05 4090294                    /usr/lib/jvm/java-11-openjdk-amd64/lib/libzip.so
7f5447b15000-7f5447b17000 r--p 00007000 08:05 4090294                    /usr/lib/jvm/java-11-openjdk-amd64/lib/libzip.so
7f5447b17000-7f5447b18000 r--p 00008000 08:05 4090294                    /usr/lib/jvm/java-11-openjdk-amd64/lib/libzip.so
7f5447b18000-7f5447b19000 rw-p 00009000 08:05 4090294                    /usr/lib/jvm/java-11-openjdk-amd64/lib/libzip.so
7f5447b19000-7f5447b1c000 r--p 00000000 08:05 3956459                    /usr/lib/x86_64-linux-gnu/libnss_files-2.31.so
7f5447b1c000-7f5447b23000 r-xp 00003000 08:05 3956459                    /usr/lib/x86_64-linux-gnu/libnss_files-2.31.so
7f5447b23000-7f5447b25000 r--p 0000a000 08:05 3956459                    /usr/lib/x86_64-linux-gnu/libnss_files-2.31.so
7f5447b25000-7f5447b26000 r--p 0000b000 08:05 3956459                    /usr/lib/x86_64-linux-gnu/libnss_files-2.31.so
7f5447b26000-7f5447b27000 rw-p 0000c000 08:05 3956459                    /usr/lib/x86_64-linux-gnu/libnss_files-2.31.so
7f5447b27000-7f5447b2d000 rw-p 00000000 00:00 0 
7f5447b30000-7f5447b31000 r--p 00000000 08:05 4090267                    /usr/lib/jvm/java-11-openjdk-amd64/lib/libextnet.so
7f5447b31000-7f5447b32000 r-xp 00001000 08:05 4090267                    /usr/lib/jvm/java-11-openjdk-amd64/lib/libextnet.so
7f5447b32000-7f5447b33000 r--p 00002000 08:05 4090267                    /usr/lib/jvm/java-11-openjdk-amd64/lib/libextnet.so
7f5447b33000-7f5447b34000 r--p 00002000 08:05 4090267                    /usr/lib/jvm/java-11-openjdk-amd64/lib/libextnet.so
7f5447b34000-7f5447b35000 rw-p 00003000 08:05 4090267                    /usr/lib/jvm/java-11-openjdk-amd64/lib/libextnet.so
7f5447b35000-7f5447b37000 r--s 0000c000 08:05 4592034                    /usr/share/java/java-atk-wrapper.jar
7f5447b37000-7f5447b3f000 rw-s 00000000 08:05 2631518                    /tmp/hsperfdata_son/16822
7f5447b3f000-7f5447b41000 r--p 00000000 08:05 4090269                    /usr/lib/jvm/java-11-openjdk-amd64/lib/libinstrument.so
7f5447b41000-7f5447b47000 r-xp 00002000 08:05 4090269                    /usr/lib/jvm/java-11-openjdk-amd64/lib/libinstrument.so
7f5447b47000-7f5447b4a000 r--p 00008000 08:05 4090269                    /usr/lib/jvm/java-11-openjdk-amd64/lib/libinstrument.so
7f5447b4a000-7f5447b4b000 r--p 0000a000 08:05 4090269                    /usr/lib/jvm/java-11-openjdk-amd64/lib/libinstrument.so
7f5447b4b000-7f5447b4c000 rw-p 0000b000 08:05 4090269                    /usr/lib/jvm/java-11-openjdk-amd64/lib/libinstrument.so
7f5447b4c000-7f5447b4d000 ---p 00000000 00:00 0 
7f5447b4d000-7f5447b4e000 r--p 00000000 00:00 0 
7f5447b4e000-7f5447b50000 r--p 00000000 08:05 4090277                    /usr/lib/jvm/java-11-openjdk-amd64/lib/libjimage.so
7f5447b50000-7f5447b53000 r-xp 00002000 08:05 4090277                    /usr/lib/jvm/java-11-openjdk-amd64/lib/libjimage.so
7f5447b53000-7f5447b54000 r--p 00005000 08:05 4090277                    /usr/lib/jvm/java-11-openjdk-amd64/lib/libjimage.so
7f5447b54000-7f5447b55000 ---p 00006000 08:05 4090277                    /usr/lib/jvm/java-11-openjdk-amd64/lib/libjimage.so
7f5447b55000-7f5447b56000 r--p 00006000 08:05 4090277                    /usr/lib/jvm/java-11-openjdk-amd64/lib/libjimage.so
7f5447b56000-7f5447b57000 rw-p 00007000 08:05 4090277                    /usr/lib/jvm/java-11-openjdk-amd64/lib/libjimage.so
7f5447b57000-7f5447b65000 r--p 00000000 08:05 4090274                    /usr/lib/jvm/java-11-openjdk-amd64/lib/libjava.so
7f5447b65000-7f5447b7b000 r-xp 0000e000 08:05 4090274                    /usr/lib/jvm/java-11-openjdk-amd64/lib/libjava.so
7f5447b7b000-7f5447b82000 r--p 00024000 08:05 4090274                    /usr/lib/jvm/java-11-openjdk-amd64/lib/libjava.so
7f5447b82000-7f5447b83000 r--p 0002a000 08:05 4090274                    /usr/lib/jvm/java-11-openjdk-amd64/lib/libjava.so
7f5447b83000-7f5447b84000 rw-p 0002b000 08:05 4090274                    /usr/lib/jvm/java-11-openjdk-amd64/lib/libjava.so
7f5447b84000-7f5447b85000 rw-p 00000000 00:00 0 
7f5447b85000-7f5447b87000 r--p 00000000 08:05 3956466                    /usr/lib/x86_64-linux-gnu/librt-2.31.so
7f5447b87000-7f5447b8b000 r-xp 00002000 08:05 3956466                    /usr/lib/x86_64-linux-gnu/librt-2.31.so
7f5447b8b000-7f5447b8d000 r--p 00006000 08:05 3956466                    /usr/lib/x86_64-linux-gnu/librt-2.31.so
7f5447b8d000-7f5447b8e000 r--p 00007000 08:05 3956466                    /usr/lib/x86_64-linux-gnu/librt-2.31.so
7f5447b8e000-7f5447b8f000 rw-p 00008000 08:05 3956466                    /usr/lib/x86_64-linux-gnu/librt-2.31.so
7f5447b8f000-7f5447b93000 ---p 00000000 00:00 0 
7f5447b93000-7f5447c90000 rw-p 00000000 00:00 0 
7f5447c90000-7f5447c93000 r--p 00000000 08:05 3940060                    /usr/lib/x86_64-linux-gnu/libgcc_s.so.1
7f5447c93000-7f5447ca5000 r-xp 00003000 08:05 3940060                    /usr/lib/x86_64-linux-gnu/libgcc_s.so.1
7f5447ca5000-7f5447ca9000 r--p 00015000 08:05 3940060                    /usr/lib/x86_64-linux-gnu/libgcc_s.so.1
7f5447ca9000-7f5447caa000 r--p 00018000 08:05 3940060                    /usr/lib/x86_64-linux-gnu/libgcc_s.so.1
7f5447caa000-7f5447cab000 rw-p 00019000 08:05 3940060                    /usr/lib/x86_64-linux-gnu/libgcc_s.so.1
7f5447cab000-7f5447cb8000 r--p 00000000 08:05 3956453                    /usr/lib/x86_64-linux-gnu/libm-2.31.so
7f5447cb8000-7f5447d5f000 r-xp 0000d000 08:05 3956453                    /usr/lib/x86_64-linux-gnu/libm-2.31.so
7f5447d5f000-7f5447df8000 r--p 000b4000 08:05 3956453                    /usr/lib/x86_64-linux-gnu/libm-2.31.so
7f5447df8000-7f5447df9000 r--p 0014c000 08:05 3956453                    /usr/lib/x86_64-linux-gnu/libm-2.31.so
7f5447df9000-7f5447dfa000 rw-p 0014d000 08:05 3956453                    /usr/lib/x86_64-linux-gnu/libm-2.31.so
7f5447dfa000-7f5447e90000 r--p 00000000 08:05 3940849                    /usr/lib/x86_64-linux-gnu/libstdc++.so.6.0.28
7f5447e90000-7f5447f81000 r-xp 00096000 08:05 3940849                    /usr/lib/x86_64-linux-gnu/libstdc++.so.6.0.28
7f5447f81000-7f5447fca000 r--p 00187000 08:05 3940849                    /usr/lib/x86_64-linux-gnu/libstdc++.so.6.0.28
7f5447fca000-7f5447fcb000 ---p 001d0000 08:05 3940849                    /usr/lib/x86_64-linux-gnu/libstdc++.so.6.0.28
7f5447fcb000-7f5447fd6000 r--p 001d0000 08:05 3940849                    /usr/lib/x86_64-linux-gnu/libstdc++.so.6.0.28
7f5447fd6000-7f5447fd9000 rw-p 001db000 08:05 3940849                    /usr/lib/x86_64-linux-gnu/libstdc++.so.6.0.28
7f5447fd9000-7f5447fdc000 rw-p 00000000 00:00 0 
7f5447fdc000-7f544825e000 r--p 00000000 08:05 4090298                    /usr/lib/jvm/java-11-openjdk-amd64/lib/server/libjvm.so
7f544825e000-7f5448ee3000 r-xp 00282000 08:05 4090298                    /usr/lib/jvm/java-11-openjdk-amd64/lib/server/libjvm.so
7f5448ee3000-7f544913f000 r--p 00f07000 08:05 4090298                    /usr/lib/jvm/java-11-openjdk-amd64/lib/server/libjvm.so
7f544913f000-7f5449203000 r--p 01162000 08:05 4090298                    /usr/lib/jvm/java-11-openjdk-amd64/lib/server/libjvm.so
7f5449203000-7f544923e000 rw-p 01226000 08:05 4090298                    /usr/lib/jvm/java-11-openjdk-amd64/lib/server/libjvm.so
7f544923e000-7f5449297000 rw-p 00000000 00:00 0 
7f5449297000-7f544929d000 r--p 00000000 08:05 3956464                    /usr/lib/x86_64-linux-gnu/libpthread-2.31.so
7f544929d000-7f54492ae000 r-xp 00006000 08:05 3956464                    /usr/lib/x86_64-linux-gnu/libpthread-2.31.so
7f54492ae000-7f54492b4000 r--p 00017000 08:05 3956464                    /usr/lib/x86_64-linux-gnu/libpthread-2.31.so
7f54492b4000-7f54492b5000 r--p 0001c000 08:05 3956464                    /usr/lib/x86_64-linux-gnu/libpthread-2.31.so
7f54492b5000-7f54492b6000 rw-p 0001d000 08:05 3956464                    /usr/lib/x86_64-linux-gnu/libpthread-2.31.so
7f54492b6000-7f54492ba000 rw-p 00000000 00:00 0 
7f54492ba000-7f54492bb000 r--p 00000000 08:05 3956451                    /usr/lib/x86_64-linux-gnu/libdl-2.31.so
7f54492bb000-7f54492bd000 r-xp 00001000 08:05 3956451                    /usr/lib/x86_64-linux-gnu/libdl-2.31.so
7f54492bd000-7f54492be000 r--p 00003000 08:05 3956451                    /usr/lib/x86_64-linux-gnu/libdl-2.31.so
7f54492be000-7f54492bf000 r--p 00003000 08:05 3956451                    /usr/lib/x86_64-linux-gnu/libdl-2.31.so
7f54492bf000-7f54492c0000 rw-p 00004000 08:05 3956451                    /usr/lib/x86_64-linux-gnu/libdl-2.31.so
7f54492c0000-7f54492c2000 r--p 00000000 08:05 3941110                    /usr/lib/x86_64-linux-gnu/libz.so.1.2.11
7f54492c2000-7f54492d3000 r-xp 00002000 08:05 3941110                    /usr/lib/x86_64-linux-gnu/libz.so.1.2.11
7f54492d3000-7f54492d9000 r--p 00013000 08:05 3941110                    /usr/lib/x86_64-linux-gnu/libz.so.1.2.11
7f54492d9000-7f54492da000 ---p 00019000 08:05 3941110                    /usr/lib/x86_64-linux-gnu/libz.so.1.2.11
7f54492da000-7f54492db000 r--p 00019000 08:05 3941110                    /usr/lib/x86_64-linux-gnu/libz.so.1.2.11
7f54492db000-7f54492dc000 rw-p 0001a000 08:05 3941110                    /usr/lib/x86_64-linux-gnu/libz.so.1.2.11
7f54492dc000-7f54492fe000 r--p 00000000 08:05 3955480                    /usr/lib/x86_64-linux-gnu/libc-2.31.so
7f54492fe000-7f5449476000 r-xp 00022000 08:05 3955480                    /usr/lib/x86_64-linux-gnu/libc-2.31.so
7f5449476000-7f54494c4000 r--p 0019a000 08:05 3955480                    /usr/lib/x86_64-linux-gnu/libc-2.31.so
7f54494c4000-7f54494c8000 r--p 001e7000 08:05 3955480                    /usr/lib/x86_64-linux-gnu/libc-2.31.so
7f54494c8000-7f54494ca000 rw-p 001eb000 08:05 3955480                    /usr/lib/x86_64-linux-gnu/libc-2.31.so
7f54494ca000-7f54494ce000 rw-p 00000000 00:00 0 
7f54494ce000-7f54494d3000 r--p 00000000 08:05 4090293                    /usr/lib/jvm/java-11-openjdk-amd64/lib/libverify.so
7f54494d3000-7f54494da000 r-xp 00005000 08:05 4090293                    /usr/lib/jvm/java-11-openjdk-amd64/lib/libverify.so
7f54494da000-7f54494dc000 r--p 0000c000 08:05 4090293                    /usr/lib/jvm/java-11-openjdk-amd64/lib/libverify.so
7f54494dc000-7f54494dd000 ---p 0000e000 08:05 4090293                    /usr/lib/jvm/java-11-openjdk-amd64/lib/libverify.so
7f54494dd000-7f54494df000 r--p 0000e000 08:05 4090293                    /usr/lib/jvm/java-11-openjdk-amd64/lib/libverify.so
7f54494df000-7f54494e0000 rw-p 00010000 08:05 4090293                    /usr/lib/jvm/java-11-openjdk-amd64/lib/libverify.so
7f54494e0000-7f54494e3000 r--p 00000000 08:05 4090259                    /usr/lib/jvm/java-11-openjdk-amd64/lib/jli/libjli.so
7f54494e3000-7f54494ed000 r-xp 00003000 08:05 4090259                    /usr/lib/jvm/java-11-openjdk-amd64/lib/jli/libjli.so
7f54494ed000-7f54494f0000 r--p 0000d000 08:05 4090259                    /usr/lib/jvm/java-11-openjdk-amd64/lib/jli/libjli.so
7f54494f0000-7f54494f1000 ---p 00010000 08:05 4090259                    /usr/lib/jvm/java-11-openjdk-amd64/lib/jli/libjli.so
7f54494f1000-7f54494f2000 r--p 00010000 08:05 4090259                    /usr/lib/jvm/java-11-openjdk-amd64/lib/jli/libjli.so
7f54494f2000-7f54494f3000 rw-p 00011000 08:05 4090259                    /usr/lib/jvm/java-11-openjdk-amd64/lib/jli/libjli.so
7f54494f3000-7f54494f5000 rw-p 00000000 00:00 0 
7f54494f5000-7f54494f6000 r--p 00000000 08:05 3955476                    /usr/lib/x86_64-linux-gnu/ld-2.31.so
7f54494f6000-7f5449519000 r-xp 00001000 08:05 3955476                    /usr/lib/x86_64-linux-gnu/ld-2.31.so
7f5449519000-7f5449521000 r--p 00024000 08:05 3955476                    /usr/lib/x86_64-linux-gnu/ld-2.31.so
7f5449522000-7f5449523000 r--p 0002c000 08:05 3955476                    /usr/lib/x86_64-linux-gnu/ld-2.31.so
7f5449523000-7f5449524000 rw-p 0002d000 08:05 3955476                    /usr/lib/x86_64-linux-gnu/ld-2.31.so
7f5449524000-7f5449525000 rw-p 00000000 00:00 0 
7ffee93b6000-7ffee93d9000 rw-p 00000000 00:00 0                          [stack]
7ffee93f7000-7ffee93fb000 r--p 00000000 00:00 0                          [vvar]
7ffee93fb000-7ffee93fd000 r-xp 00000000 00:00 0                          [vdso]
ffffffffff600000-ffffffffff601000 --xp 00000000 00:00 0                  [vsyscall]


VM Arguments:
jvm_args: -javaagent:/snap/intellij-idea-community/352/lib/idea_rt.jar=45957:/snap/intellij-idea-community/352/bin -Dfile.encoding=UTF-8 
java_command: com.dacanh.SQANhapHang.SqaNhapHangApplication
java_class_path (initial): /mnt/D0F0F663F0F64F6A/ubuntu/ptit/4th/dam-bao-chat-luong-phan-mem/btl_sqa_nhaphang/target/classes:/home/son/.m2/repository/org/springframework/boot/spring-boot-starter-data-jpa/2.6.4/spring-boot-starter-data-jpa-2.6.4.jar:/home/son/.m2/repository/org/springframework/boot/spring-boot-starter-aop/2.6.4/spring-boot-starter-aop-2.6.4.jar:/home/son/.m2/repository/org/aspectj/aspectjweaver/1.9.7/aspectjweaver-1.9.7.jar:/home/son/.m2/repository/org/springframework/boot/spring-boot-starter-jdbc/2.6.4/spring-boot-starter-jdbc-2.6.4.jar:/home/son/.m2/repository/com/zaxxer/HikariCP/4.0.3/HikariCP-4.0.3.jar:/home/son/.m2/repository/org/springframework/spring-jdbc/5.3.16/spring-jdbc-5.3.16.jar:/home/son/.m2/repository/jakarta/transaction/jakarta.transaction-api/1.3.3/jakarta.transaction-api-1.3.3.jar:/home/son/.m2/repository/jakarta/persistence/jakarta.persistence-api/2.2.3/jakarta.persistence-api-2.2.3.jar:/home/son/.m2/repository/org/hibernate/hibernate-core/5.6.5.Final/hibernate-core-5.6.5.Final.jar:/home/son/.m2/repository/org/jboss/logging/jboss-logging/3.4.3.Final/jboss-logging-3.4.3.Final.jar:/home/son/.m2/repository/net/bytebuddy/byte-buddy/1.11.22/byte-buddy-1.11.22.jar:/home/son/.m2/repository/antlr/antlr/2.7.7/antlr-2.7.7.jar:/home/son/.m2/repository/org/jboss/jandex/2.4.2.Final/jandex-2.4.2.Final.jar:/home/son/.m2/repository/com/fasterxml/classmate/1.5.1/classmate-1.5.1.jar:/home/son/.m2/repository/org/hibernate/common/hibernate-commons-annotations/5.1.2.Final/hibernate-commons-annotations-5.1.2.Final.jar:/home/son/.m2/repository/org/glassfish/jaxb/jaxb-runtime/2.3.6/jaxb-runtime-2.3.6.jar:/home/son/.m2/repository/org/glassfish/jaxb/txw2/2.3.6/txw2-2.3.6.jar:/home/son/.m2/repository/com/sun/istack/istack-commons-runtime/3.0.12/istack-commons-runtime-3.0.12.jar:/home/son/.m2/repository/com/sun/activation/jakarta.activation/1.2.2/jakarta.activation-1.2.2.jar:/home/son/.m2/repository/org/springframework/data/spring-data-jpa/2.6.2/spring-data
Launcher Type: SUN_STANDARD

[Global flags]
     intx CICompilerCount                          = 3                                         {product} {ergonomic}
     uint ConcGCThreads                            = 1                                         {product} {ergonomic}
     uint G1ConcRefinementThreads                  = 4                                         {product} {ergonomic}
   size_t G1HeapRegionSize                         = 1048576                                   {product} {ergonomic}
    uintx GCDrainStackTargetSize                   = 64                                        {product} {ergonomic}
   size_t InitialHeapSize                          = 130023424                                 {product} {ergonomic}
   size_t MarkStackSize                            = 4194304                                   {product} {ergonomic}
   size_t MaxHeapSize                              = 2051014656                                {product} {ergonomic}
   size_t MaxNewSize                               = 1229979648                                {product} {ergonomic}
   size_t MinHeapDeltaBytes                        = 1048576                                   {product} {ergonomic}
    uintx NonNMethodCodeHeapSize                   = 5830732                                {pd product} {ergonomic}
    uintx NonProfiledCodeHeapSize                  = 122913754                              {pd product} {ergonomic}
    uintx ProfiledCodeHeapSize                     = 122913754                              {pd product} {ergonomic}
    uintx ReservedCodeCacheSize                    = 251658240                              {pd product} {ergonomic}
     bool SegmentedCodeCache                       = true                                      {product} {ergonomic}
     bool UseCompressedClassPointers               = true                                 {lp64_product} {ergonomic}
     bool UseCompressedOops                        = true                                 {lp64_product} {ergonomic}
     bool UseG1GC                                  = true                                      {product} {ergonomic}

Logging:
Log output configuration:
 #0: stdout all=warning uptime,level,tags
 #1: stderr all=off uptime,level,tags

Environment Variables:
PATH=/home/son/.local/bin:/usr/local/sbin:/usr/local/bin:/usr/sbin:/usr/bin:/sbin:/bin:/usr/games:/usr/local/games:/snap/bin
USERNAME=son
SHELL=/usr/bin/zsh
DISPLAY=:0
LANG=en_US.UTF-8

Signal Handlers:
SIGSEGV: [libjvm.so+0xe94ce0], sa_mask[0]=11111111011111111101111111111110, sa_flags=SA_RESTART|SA_SIGINFO
SIGBUS: [libjvm.so+0xe94ce0], sa_mask[0]=11111111011111111101111111111110, sa_flags=SA_RESTART|SA_SIGINFO
SIGFPE: [libjvm.so+0xe94ce0], sa_mask[0]=11111111011111111101111111111110, sa_flags=SA_RESTART|SA_SIGINFO
SIGPIPE: [libjvm.so+0xbdc900], sa_mask[0]=11111111011111111101111111111110, sa_flags=SA_RESTART|SA_SIGINFO
SIGXFSZ: [libjvm.so+0xbdc900], sa_mask[0]=11111111011111111101111111111110, sa_flags=SA_RESTART|SA_SIGINFO
SIGILL: [libjvm.so+0xe94ce0], sa_mask[0]=11111111011111111101111111111110, sa_flags=SA_RESTART|SA_SIGINFO
SIGUSR2: [libjvm.so+0xbdc7a0], sa_mask[0]=00100000000000000000000000000000, sa_flags=SA_RESTART|SA_SIGINFO
SIGHUP: [libjvm.so+0xbdcc40], sa_mask[0]=11111111011111111101111111111110, sa_flags=SA_RESTART|SA_SIGINFO
SIGINT: [libjvm.so+0xbdcc40], sa_mask[0]=11111111011111111101111111111110, sa_flags=SA_RESTART|SA_SIGINFO
SIGTERM: [libjvm.so+0xbdcc40], sa_mask[0]=11111111011111111101111111111110, sa_flags=SA_RESTART|SA_SIGINFO
SIGQUIT: [libjvm.so+0xbdcc40], sa_mask[0]=11111111011111111101111111111110, sa_flags=SA_RESTART|SA_SIGINFO


---------------  S Y S T E M  ---------------

OS:DISTRIB_ID=Ubuntu
DISTRIB_RELEASE=20.04
DISTRIB_CODENAME=focal
DISTRIB_DESCRIPTION="Ubuntu 20.04.3 LTS"
uname:Linux 5.13.0-37-generic #42~20.04.1-Ubuntu SMP Tue Mar 15 15:44:28 UTC 2022 x86_64
OS uptime: 0 days 2:36 hours
libc:glibc 2.31 NPTL 2.31 
rlimit (soft/hard): STACK 8192k/infinity , CORE 0k/infinity , NPROC 31013/31013 , NOFILE 1048576/1048576 , AS infinity/infinity , CPU infinity/infinity , DATA infinity/infinity , FSIZE infinity/infinity , MEMLOCK 65536k/65536k
load average:12,07 6,26 4,27

/proc/meminfo:
MemTotal:        8006448 kB
MemFree:         3985244 kB
MemAvailable:    5055980 kB
Buffers:          212448 kB
Cached:          1213396 kB
SwapCached:        59928 kB
Active:          1260204 kB
Inactive:        2308552 kB
Active(anon):     424560 kB
Inactive(anon):  1915948 kB
Active(file):     835644 kB
Inactive(file):   392604 kB
Unevictable:       89660 kB
Mlocked:              40 kB
SwapTotal:       2097148 kB
SwapFree:        1001112 kB
Dirty:              2284 kB
Writeback:             0 kB
AnonPages:       2180924 kB
Mapped:           277584 kB
Shmem:            198900 kB
KReclaimable:     134512 kB
Slab:             259764 kB
SReclaimable:     134512 kB
SUnreclaim:       125252 kB
KernelStack:       13096 kB
PageTables:        26956 kB
NFS_Unstable:          0 kB
Bounce:                0 kB
WritebackTmp:          0 kB
CommitLimit:     6100372 kB
Committed_AS:    7575512 kB
VmallocTotal:   34359738367 kB
VmallocUsed:       34664 kB
VmallocChunk:          0 kB
Percpu:             3440 kB
HardwareCorrupted:     0 kB
AnonHugePages:         0 kB
ShmemHugePages:        0 kB
ShmemPmdMapped:        0 kB
FileHugePages:         0 kB
FilePmdMapped:         0 kB
HugePages_Total:       0
HugePages_Free:        0
HugePages_Rsvd:        0
HugePages_Surp:        0
Hugepagesize:       2048 kB
Hugetlb:               0 kB
DirectMap4k:      634356 kB
DirectMap2M:     7618560 kB
DirectMap1G:           0 kB

/sys/kernel/mm/transparent_hugepage/enabled:
always [madvise] never
/sys/kernel/mm/transparent_hugepage/defrag (defrag/compaction efforts parameter):
always defer defer+madvise [madvise] never

Process Memory:
Virtual Size: 5750952K (peak: 13433436K)
Resident Set Size: 346404K (peak: 386632K) (anon: 325440K, file: 20964K, shmem: 0K)
Swapped out: 50328K
C-Heap outstanding allocations: 37693K

/proc/sys/kernel/threads-max (system-wide limit on the number of threads):
62027
/proc/sys/vm/max_map_count (maximum number of memory map areas a process may have):
65530
/proc/sys/kernel/pid_max (system-wide limit on number of process identifiers):
4194304

container (cgroup) information:
container_type: cgroupv1
cpu_cpuset_cpus: 0-3
cpu_memory_nodes: 0
active_processor_count: 4
cpu_quota: -1
cpu_period: 100000
cpu_shares: -1
memory_limit_in_bytes: -1
memory_and_swap_limit_in_bytes: -1
memory_soft_limit_in_bytes: -1
memory_usage_in_bytes: 2860728320
memory_max_usage_in_bytes: 7220207616

Steal ticks since vm start: 0
Steal ticks percentage since vm start:  0,000

CPU:total 4 (initial active 4) (2 cores per cpu, 2 threads per core) family 6 model 78 stepping 3 microcode 0xea, cmov, cx8, fxsr, mmx, sse, sse2, sse3, ssse3, sse4.1, sse4.2, popcnt, avx, avx2, aes, clmul, erms, 3dnowpref, lzcnt, ht, tsc, tscinvbit, bmi1, bmi2, adx, fma
CPU Model and flags from /proc/cpuinfo:
model name	: Intel(R) Core(TM) i5-6200U CPU @ 2.30GHz
flags		: fpu vme de pse tsc msr pae mce cx8 apic sep mtrr pge mca cmov pat pse36 clflush dts acpi mmx fxsr sse sse2 ss ht tm pbe syscall nx pdpe1gb rdtscp lm constant_tsc art arch_perfmon pebs bts rep_good nopl xtopology nonstop_tsc cpuid aperfmperf pni pclmulqdq dtes64 monitor ds_cpl vmx est tm2 ssse3 sdbg fma cx16 xtpr pdcm pcid sse4_1 sse4_2 x2apic movbe popcnt tsc_deadline_timer aes xsave avx f16c rdrand lahf_lm abm 3dnowprefetch cpuid_fault epb invpcid_single pti ssbd ibrs ibpb stibp tpr_shadow vnmi flexpriority ept vpid ept_ad fsgsbase tsc_adjust bmi1 avx2 smep bmi2 erms invpcid mpx rdseed adx smap clflushopt intel_pt xsaveopt xsavec xgetbv1 xsaves dtherm ida arat pln pts hwp hwp_notify hwp_act_window hwp_epp md_clear flush_l1d
Online cpus:
0-3
Offline cpus:

BIOS frequency limitation:
<Not Available>
Frequency switch latency (ns):
0
Available cpu frequencies:
<Not Available>
Current governor:
powersave
Core performance/turbo boost:
<Not Available>

Memory: 4k page, physical 8006448k(3984992k free), swap 2097148k(1001112k free)

vm_info: OpenJDK 64-Bit Server VM (11.0.14+9-Ubuntu-0ubuntu2.20.04) for linux-amd64 JRE (11.0.14+9-Ubuntu-0ubuntu2.20.04), built on Jan 25 2022 14:03:04 by "unknown" with gcc 9.3.0

END.
